{"/Users/diwakarkumarbhagat/Downloads/INKOGNITO PROTO 5/client/src/components/ui/aspect-ratio.tsx": {"path":"/Users/diwakarkumarbhagat/Downloads/INKOGNITO PROTO 5/client/src/components/ui/aspect-ratio.tsx","statementMap":{"0":{"start":{"line":3,"column":20},"end":{"line":3,"column":45}}},"fnMap":{},"branchMap":{},"s":{"0":0},"f":{},"b":{}}
,"/Users/diwakarkumarbhagat/Downloads/INKOGNITO PROTO 5/client/src/components/ui/collapsible.tsx": {"path":"/Users/diwakarkumarbhagat/Downloads/INKOGNITO PROTO 5/client/src/components/ui/collapsible.tsx","statementMap":{"0":{"start":{"line":5,"column":20},"end":{"line":5,"column":45}},"1":{"start":{"line":7,"column":27},"end":{"line":7,"column":66}},"2":{"start":{"line":9,"column":27},"end":{"line":9,"column":66}}},"fnMap":{},"branchMap":{},"s":{"0":0,"1":0,"2":0},"f":{},"b":{}}
,"/Users/diwakarkumarbhagat/Downloads/INKOGNITO PROTO 5/client/src/hooks/use-mobile.tsx": {"path":"/Users/diwakarkumarbhagat/Downloads/INKOGNITO PROTO 5/client/src/hooks/use-mobile.tsx","statementMap":{"0":{"start":{"line":3,"column":26},"end":{"line":3,"column":29}},"1":{"start":{"line":6,"column":34},"end":{"line":6,"column":80}},"2":{"start":{"line":8,"column":2},"end":{"line":16,"column":null}},"3":{"start":{"line":9,"column":16},"end":{"line":9,"column":76}},"4":{"start":{"line":10,"column":21},"end":{"line":12,"column":5}},"5":{"start":{"line":11,"column":6},"end":{"line":11,"column":null}},"6":{"start":{"line":13,"column":4},"end":{"line":13,"column":null}},"7":{"start":{"line":14,"column":4},"end":{"line":14,"column":null}},"8":{"start":{"line":15,"column":4},"end":{"line":15,"column":null}},"9":{"start":{"line":15,"column":17},"end":{"line":15,"column":60}},"10":{"start":{"line":18,"column":2},"end":{"line":18,"column":null}}},"fnMap":{"0":{"name":"useIsMobile","decl":{"start":{"line":5,"column":16},"end":{"line":5,"column":27}},"loc":{"start":{"line":5,"column":27},"end":{"line":19,"column":1}}},"1":{"name":"(anonymous_1)","decl":{"start":{"line":8,"column":18},"end":{"line":8,"column":21}},"loc":{"start":{"line":8,"column":23},"end":{"line":16,"column":3}}},"2":{"name":"(anonymous_2)","decl":{"start":{"line":10,"column":21},"end":{"line":10,"column":24}},"loc":{"start":{"line":10,"column":26},"end":{"line":12,"column":5}}},"3":{"name":"(anonymous_3)","decl":{"start":{"line":15,"column":11},"end":{"line":15,"column":14}},"loc":{"start":{"line":15,"column":17},"end":{"line":15,"column":60}}}},"branchMap":{},"s":{"0":0,"1":0,"2":0,"3":0,"4":0,"5":0,"6":0,"7":0,"8":0,"9":0,"10":0},"f":{"0":0,"1":0,"2":0,"3":0},"b":{}}
,"/Users/diwakarkumarbhagat/Downloads/INKOGNITO PROTO 5/client/src/hooks/use-toast.ts": {"path":"/Users/diwakarkumarbhagat/Downloads/INKOGNITO PROTO 5/client/src/hooks/use-toast.ts","statementMap":{"0":{"start":{"line":8,"column":20},"end":{"line":8,"column":21}},"1":{"start":{"line":9,"column":27},"end":{"line":9,"column":34}},"2":{"start":{"line":18,"column":20},"end":{"line":23,"column":null}},"3":{"start":{"line":25,"column":12},"end":{"line":25,"column":13}},"4":{"start":{"line":28,"column":2},"end":{"line":28,"column":null}},"5":{"start":{"line":29,"column":2},"end":{"line":29,"column":null}},"6":{"start":{"line":56,"column":22},"end":{"line":56,"column":70}},"7":{"start":{"line":58,"column":25},"end":{"line":72,"column":1}},"8":{"start":{"line":59,"column":2},"end":{"line":61,"column":3}},"9":{"start":{"line":60,"column":4},"end":{"line":60,"column":10}},"10":{"start":{"line":63,"column":18},"end":{"line":69,"column":24}},"11":{"start":{"line":64,"column":4},"end":{"line":64,"column":null}},"12":{"start":{"line":65,"column":4},"end":{"line":68,"column":null}},"13":{"start":{"line":71,"column":2},"end":{"line":71,"column":null}},"14":{"start":{"line":74,"column":23},"end":{"line":127,"column":1}},"15":{"start":{"line":75,"column":2},"end":{"line":126,"column":3}},"16":{"start":{"line":77,"column":6},"end":{"line":79,"column":null}},"17":{"start":{"line":83,"column":6},"end":{"line":87,"column":null}},"18":{"start":{"line":86,"column":10},"end":{"line":86,"column":66}},"19":{"start":{"line":91,"column":26},"end":{"line":91,"column":32}},"20":{"start":{"line":95,"column":6},"end":{"line":101,"column":7}},"21":{"start":{"line":96,"column":8},"end":{"line":96,"column":null}},"22":{"start":{"line":98,"column":8},"end":{"line":100,"column":null}},"23":{"start":{"line":99,"column":10},"end":{"line":99,"column":null}},"24":{"start":{"line":103,"column":6},"end":{"line":112,"column":null}},"25":{"start":{"line":106,"column":10},"end":{"line":111,"column":15}},"26":{"start":{"line":116,"column":6},"end":{"line":121,"column":7}},"27":{"start":{"line":117,"column":8},"end":{"line":119,"column":null}},"28":{"start":{"line":122,"column":6},"end":{"line":124,"column":null}},"29":{"start":{"line":124,"column":43},"end":{"line":124,"column":66}},"30":{"start":{"line":129,"column":49},"end":{"line":129,"column":51}},"31":{"start":{"line":131,"column":25},"end":{"line":131,"column":39}},"32":{"start":{"line":134,"column":2},"end":{"line":134,"column":null}},"33":{"start":{"line":135,"column":2},"end":{"line":137,"column":null}},"34":{"start":{"line":136,"column":4},"end":{"line":136,"column":null}},"35":{"start":{"line":142,"column":25},"end":{"line":142,"column":34}},"36":{"start":{"line":143,"column":13},"end":{"line":143,"column":20}},"37":{"start":{"line":145,"column":17},"end":{"line":149,"column":6}},"38":{"start":{"line":146,"column":4},"end":{"line":149,"column":6}},"39":{"start":{"line":150,"column":18},"end":{"line":150,"column":72}},"40":{"start":{"line":150,"column":24},"end":{"line":150,"column":72}},"41":{"start":{"line":152,"column":2},"end":{"line":162,"column":null}},"42":{"start":{"line":159,"column":8},"end":{"line":159,"column":null}},"43":{"start":{"line":159,"column":19},"end":{"line":159,"column":null}},"44":{"start":{"line":164,"column":2},"end":{"line":168,"column":null}},"45":{"start":{"line":172,"column":28},"end":{"line":172,"column":62}},"46":{"start":{"line":174,"column":2},"end":{"line":182,"column":null}},"47":{"start":{"line":175,"column":4},"end":{"line":175,"column":null}},"48":{"start":{"line":176,"column":4},"end":{"line":181,"column":null}},"49":{"start":{"line":177,"column":20},"end":{"line":177,"column":47}},"50":{"start":{"line":178,"column":6},"end":{"line":180,"column":7}},"51":{"start":{"line":179,"column":8},"end":{"line":179,"column":null}},"52":{"start":{"line":184,"column":2},"end":{"line":187,"column":null}},"53":{"start":{"line":187,"column":35},"end":{"line":187,"column":79}}},"fnMap":{"0":{"name":"genId","decl":{"start":{"line":27,"column":9},"end":{"line":27,"column":14}},"loc":{"start":{"line":27,"column":14},"end":{"line":30,"column":1}}},"1":{"name":"(anonymous_2)","decl":{"start":{"line":58,"column":25},"end":{"line":58,"column":26}},"loc":{"start":{"line":58,"column":45},"end":{"line":72,"column":1}}},"2":{"name":"(anonymous_3)","decl":{"start":{"line":63,"column":29},"end":{"line":63,"column":32}},"loc":{"start":{"line":63,"column":34},"end":{"line":69,"column":3}}},"3":{"name":"(anonymous_4)","decl":{"start":{"line":74,"column":23},"end":{"line":74,"column":24}},"loc":{"start":{"line":74,"column":63},"end":{"line":127,"column":1}}},"4":{"name":"(anonymous_5)","decl":{"start":{"line":85,"column":33},"end":{"line":85,"column":34}},"loc":{"start":{"line":86,"column":10},"end":{"line":86,"column":66}}},"5":{"name":"(anonymous_6)","decl":{"start":{"line":98,"column":29},"end":{"line":98,"column":30}},"loc":{"start":{"line":98,"column":39},"end":{"line":100,"column":9}}},"6":{"name":"(anonymous_7)","decl":{"start":{"line":105,"column":33},"end":{"line":105,"column":34}},"loc":{"start":{"line":106,"column":10},"end":{"line":111,"column":15}}},"7":{"name":"(anonymous_8)","decl":{"start":{"line":124,"column":36},"end":{"line":124,"column":37}},"loc":{"start":{"line":124,"column":43},"end":{"line":124,"column":66}}},"8":{"name":"dispatch","decl":{"start":{"line":133,"column":9},"end":{"line":133,"column":17}},"loc":{"start":{"line":133,"column":32},"end":{"line":138,"column":1}}},"9":{"name":"(anonymous_10)","decl":{"start":{"line":135,"column":20},"end":{"line":135,"column":21}},"loc":{"start":{"line":135,"column":33},"end":{"line":137,"column":3}}},"10":{"name":"toast","decl":{"start":{"line":142,"column":9},"end":{"line":142,"column":14}},"loc":{"start":{"line":142,"column":34},"end":{"line":169,"column":1}}},"11":{"name":"(anonymous_12)","decl":{"start":{"line":145,"column":17},"end":{"line":145,"column":18}},"loc":{"start":{"line":146,"column":4},"end":{"line":149,"column":6}}},"12":{"name":"(anonymous_13)","decl":{"start":{"line":150,"column":18},"end":{"line":150,"column":21}},"loc":{"start":{"line":150,"column":24},"end":{"line":150,"column":72}}},"13":{"name":"(anonymous_14)","decl":{"start":{"line":158,"column":20},"end":{"line":158,"column":21}},"loc":{"start":{"line":158,"column":29},"end":{"line":160,"column":7}}},"14":{"name":"useToast","decl":{"start":{"line":171,"column":9},"end":{"line":171,"column":17}},"loc":{"start":{"line":171,"column":17},"end":{"line":189,"column":1}}},"15":{"name":"(anonymous_16)","decl":{"start":{"line":174,"column":18},"end":{"line":174,"column":21}},"loc":{"start":{"line":174,"column":23},"end":{"line":182,"column":3}}},"16":{"name":"(anonymous_17)","decl":{"start":{"line":176,"column":11},"end":{"line":176,"column":14}},"loc":{"start":{"line":176,"column":16},"end":{"line":181,"column":5}}},"17":{"name":"(anonymous_18)","decl":{"start":{"line":187,"column":13},"end":{"line":187,"column":14}},"loc":{"start":{"line":187,"column":35},"end":{"line":187,"column":79}}}},"branchMap":{"0":{"loc":{"start":{"line":59,"column":2},"end":{"line":61,"column":3}},"type":"if","locations":[{"start":{"line":59,"column":2},"end":{"line":61,"column":3}},{"start":{},"end":{}}]},"1":{"loc":{"start":{"line":75,"column":2},"end":{"line":126,"column":3}},"type":"switch","locations":[{"start":{"line":76,"column":4},"end":{"line":79,"column":null}},{"start":{"line":82,"column":4},"end":{"line":87,"column":null}},{"start":{"line":90,"column":4},"end":{"line":114,"column":5}},{"start":{"line":115,"column":4},"end":{"line":124,"column":null}}]},"2":{"loc":{"start":{"line":86,"column":10},"end":{"line":86,"column":66}},"type":"cond-expr","locations":[{"start":{"line":86,"column":36},"end":{"line":86,"column":63}},{"start":{"line":86,"column":65},"end":{"line":86,"column":66}}]},"3":{"loc":{"start":{"line":95,"column":6},"end":{"line":101,"column":7}},"type":"if","locations":[{"start":{"line":95,"column":6},"end":{"line":101,"column":7}},{"start":{"line":97,"column":13},"end":{"line":101,"column":7}}]},"4":{"loc":{"start":{"line":106,"column":10},"end":{"line":111,"column":15}},"type":"cond-expr","locations":[{"start":{"line":107,"column":13},"end":{"line":109,"column":null}},{"start":{"line":111,"column":14},"end":{"line":111,"column":15}}]},"5":{"loc":{"start":{"line":106,"column":10},"end":{"line":106,"column":51}},"type":"binary-expr","locations":[{"start":{"line":106,"column":10},"end":{"line":106,"column":26}},{"start":{"line":106,"column":30},"end":{"line":106,"column":51}}]},"6":{"loc":{"start":{"line":116,"column":6},"end":{"line":121,"column":7}},"type":"if","locations":[{"start":{"line":116,"column":6},"end":{"line":121,"column":7}},{"start":{},"end":{}}]},"7":{"loc":{"start":{"line":159,"column":8},"end":{"line":159,"column":null}},"type":"if","locations":[{"start":{"line":159,"column":8},"end":{"line":159,"column":null}},{"start":{},"end":{}}]},"8":{"loc":{"start":{"line":178,"column":6},"end":{"line":180,"column":7}},"type":"if","locations":[{"start":{"line":178,"column":6},"end":{"line":180,"column":7}},{"start":{},"end":{}}]}},"s":{"0":0,"1":0,"2":0,"3":0,"4":0,"5":0,"6":0,"7":0,"8":0,"9":0,"10":0,"11":0,"12":0,"13":0,"14":0,"15":0,"16":0,"17":0,"18":0,"19":0,"20":0,"21":0,"22":0,"23":0,"24":0,"25":0,"26":0,"27":0,"28":0,"29":0,"30":0,"31":0,"32":0,"33":0,"34":0,"35":0,"36":0,"37":0,"38":0,"39":0,"40":0,"41":0,"42":0,"43":0,"44":0,"45":0,"46":0,"47":0,"48":0,"49":0,"50":0,"51":0,"52":0,"53":0},"f":{"0":0,"1":0,"2":0,"3":0,"4":0,"5":0,"6":0,"7":0,"8":0,"9":0,"10":0,"11":0,"12":0,"13":0,"14":0,"15":0,"16":0,"17":0},"b":{"0":[0,0],"1":[0,0,0,0],"2":[0,0],"3":[0,0],"4":[0,0],"5":[0,0],"6":[0,0],"7":[0,0],"8":[0,0]}}
,"/Users/diwakarkumarbhagat/Downloads/INKOGNITO PROTO 5/client/src/hooks/usePreloader.ts": {"path":"/Users/diwakarkumarbhagat/Downloads/INKOGNITO PROTO 5/client/src/hooks/usePreloader.ts","statementMap":{"0":{"start":{"line":9,"column":28},"end":{"line":88,"column":1}},"1":{"start":{"line":10,"column":46},"end":{"line":14,"column":4}},"2":{"start":{"line":16,"column":25},"end":{"line":22,"column":4}},"3":{"start":{"line":24,"column":40},"end":{"line":24,"column":51}},"4":{"start":{"line":26,"column":2},"end":{"line":50,"column":21}},"5":{"start":{"line":27,"column":18},"end":{"line":47,"column":12}},"6":{"start":{"line":28,"column":6},"end":{"line":46,"column":9}},"7":{"start":{"line":29,"column":8},"end":{"line":45,"column":9}},"8":{"start":{"line":30,"column":10},"end":{"line":34,"column":13}},"9":{"start":{"line":35,"column":10},"end":{"line":35,"column":26}},"10":{"start":{"line":38,"column":10},"end":{"line":43,"column":18}},"11":{"start":{"line":39,"column":12},"end":{"line":42,"column":16}},"12":{"start":{"line":39,"column":38},"end":{"line":41,"column":null}},"13":{"start":{"line":44,"column":10},"end":{"line":44,"column":22}},"14":{"start":{"line":49,"column":4},"end":{"line":49,"column":38}},"15":{"start":{"line":49,"column":17},"end":{"line":49,"column":37}},"16":{"start":{"line":52,"column":24},"end":{"line":58,"column":3}},"17":{"start":{"line":53,"column":4},"end":{"line":57,"column":7}},"18":{"start":{"line":60,"column":24},"end":{"line":65,"column":3}},"19":{"start":{"line":61,"column":4},"end":{"line":64,"column":8}},"20":{"start":{"line":61,"column":30},"end":{"line":63,"column":null}},"21":{"start":{"line":67,"column":24},"end":{"line":72,"column":3}},"22":{"start":{"line":68,"column":4},"end":{"line":71,"column":8}},"23":{"start":{"line":68,"column":30},"end":{"line":70,"column":null}},"24":{"start":{"line":74,"column":25},"end":{"line":79,"column":3}},"25":{"start":{"line":75,"column":4},"end":{"line":78,"column":8}},"26":{"start":{"line":75,"column":30},"end":{"line":77,"column":null}},"27":{"start":{"line":81,"column":2},"end":{"line":86,"column":null}},"28":{"start":{"line":91,"column":29},"end":{"line":128,"column":1}},"29":{"start":{"line":92,"column":42},"end":{"line":92,"column":56}},"30":{"start":{"line":93,"column":46},"end":{"line":93,"column":81}},"31":{"start":{"line":95,"column":2},"end":{"line":122,"column":9}},"32":{"start":{"line":97,"column":20},"end":{"line":119,"column":6}},"33":{"start":{"line":97,"column":31},"end":{"line":119,"column":6}},"34":{"start":{"line":98,"column":6},"end":{"line":118,"column":7}},"35":{"start":{"line":99,"column":8},"end":{"line":99,"column":60}},"36":{"start":{"line":100,"column":8},"end":{"line":100,"column":63}},"37":{"start":{"line":100,"column":37},"end":{"line":100,"column":61}},"38":{"start":{"line":102,"column":8},"end":{"line":102,"column":57}},"39":{"start":{"line":103,"column":8},"end":{"line":103,"column":63}},"40":{"start":{"line":103,"column":37},"end":{"line":103,"column":61}},"41":{"start":{"line":105,"column":8},"end":{"line":105,"column":66}},"42":{"start":{"line":106,"column":8},"end":{"line":106,"column":63}},"43":{"start":{"line":106,"column":37},"end":{"line":106,"column":61}},"44":{"start":{"line":108,"column":8},"end":{"line":108,"column":55}},"45":{"start":{"line":109,"column":8},"end":{"line":109,"column":63}},"46":{"start":{"line":109,"column":37},"end":{"line":109,"column":61}},"47":{"start":{"line":111,"column":8},"end":{"line":111,"column":36}},"48":{"start":{"line":112,"column":8},"end":{"line":112,"column":63}},"49":{"start":{"line":112,"column":37},"end":{"line":112,"column":61}},"50":{"start":{"line":114,"column":8},"end":{"line":114,"column":31}},"51":{"start":{"line":116,"column":8},"end":{"line":116,"column":58}},"52":{"start":{"line":117,"column":8},"end":{"line":117,"column":31}},"53":{"start":{"line":121,"column":4},"end":{"line":121,"column":14}},"54":{"start":{"line":124,"column":2},"end":{"line":127,"column":4}},"55":{"start":{"line":131,"column":35},"end":{"line":155,"column":1}},"56":{"start":{"line":132,"column":36},"end":{"line":132,"column":60}},"57":{"start":{"line":133,"column":46},"end":{"line":133,"column":68}},"58":{"start":{"line":135,"column":23},"end":{"line":138,"column":3}},"59":{"start":{"line":136,"column":4},"end":{"line":136,"column":31}},"60":{"start":{"line":137,"column":4},"end":{"line":137,"column":23}},"61":{"start":{"line":140,"column":22},"end":{"line":142,"column":3}},"62":{"start":{"line":141,"column":4},"end":{"line":141,"column":24}},"63":{"start":{"line":144,"column":31},"end":{"line":146,"column":3}},"64":{"start":{"line":145,"column":4},"end":{"line":145,"column":31}},"65":{"start":{"line":148,"column":2},"end":{"line":154,"column":4}}},"fnMap":{"0":{"name":"(anonymous_7)","decl":{"start":{"line":9,"column":28},"end":{"line":9,"column":31}},"loc":{"start":{"line":9,"column":33},"end":{"line":88,"column":1}}},"1":{"name":"(anonymous_8)","decl":{"start":{"line":26,"column":12},"end":{"line":26,"column":15}},"loc":{"start":{"line":26,"column":17},"end":{"line":50,"column":3}}},"2":{"name":"(anonymous_9)","decl":{"start":{"line":27,"column":30},"end":{"line":27,"column":33}},"loc":{"start":{"line":27,"column":35},"end":{"line":47,"column":5}}},"3":{"name":"(anonymous_10)","decl":{"start":{"line":28,"column":21},"end":{"line":28,"column":25}},"loc":{"start":{"line":28,"column":28},"end":{"line":46,"column":7}}},"4":{"name":"(anonymous_11)","decl":{"start":{"line":38,"column":21},"end":{"line":38,"column":24}},"loc":{"start":{"line":38,"column":26},"end":{"line":43,"column":11}}},"5":{"name":"(anonymous_12)","decl":{"start":{"line":39,"column":30},"end":{"line":39,"column":34}},"loc":{"start":{"line":39,"column":38},"end":{"line":41,"column":null}}},"6":{"name":"(anonymous_13)","decl":{"start":{"line":49,"column":11},"end":{"line":49,"column":14}},"loc":{"start":{"line":49,"column":17},"end":{"line":49,"column":37}}},"7":{"name":"(anonymous_14)","decl":{"start":{"line":52,"column":24},"end":{"line":52,"column":25}},"loc":{"start":{"line":52,"column":44},"end":{"line":58,"column":3}}},"8":{"name":"(anonymous_15)","decl":{"start":{"line":60,"column":24},"end":{"line":60,"column":27}},"loc":{"start":{"line":60,"column":29},"end":{"line":65,"column":3}}},"9":{"name":"(anonymous_16)","decl":{"start":{"line":61,"column":22},"end":{"line":61,"column":26}},"loc":{"start":{"line":61,"column":30},"end":{"line":63,"column":null}}},"10":{"name":"(anonymous_17)","decl":{"start":{"line":67,"column":24},"end":{"line":67,"column":25}},"loc":{"start":{"line":67,"column":44},"end":{"line":72,"column":3}}},"11":{"name":"(anonymous_18)","decl":{"start":{"line":68,"column":22},"end":{"line":68,"column":26}},"loc":{"start":{"line":68,"column":30},"end":{"line":70,"column":null}}},"12":{"name":"(anonymous_19)","decl":{"start":{"line":74,"column":25},"end":{"line":74,"column":26}},"loc":{"start":{"line":74,"column":46},"end":{"line":79,"column":3}}},"13":{"name":"(anonymous_20)","decl":{"start":{"line":75,"column":22},"end":{"line":75,"column":26}},"loc":{"start":{"line":75,"column":30},"end":{"line":77,"column":null}}},"14":{"name":"(anonymous_21)","decl":{"start":{"line":91,"column":29},"end":{"line":91,"column":32}},"loc":{"start":{"line":91,"column":34},"end":{"line":128,"column":1}}},"15":{"name":"(anonymous_22)","decl":{"start":{"line":95,"column":12},"end":{"line":95,"column":15}},"loc":{"start":{"line":95,"column":17},"end":{"line":122,"column":3}}},"16":{"name":"(anonymous_23)","decl":{"start":{"line":97,"column":20},"end":{"line":97,"column":29}},"loc":{"start":{"line":97,"column":31},"end":{"line":119,"column":6}}},"17":{"name":"(anonymous_24)","decl":{"start":{"line":97,"column":31},"end":{"line":97,"column":null}},"loc":{"start":{"line":97,"column":31},"end":{"line":119,"column":5}}},"18":{"name":"(anonymous_25)","decl":{"start":{"line":100,"column":26},"end":{"line":100,"column":33}},"loc":{"start":{"line":100,"column":37},"end":{"line":100,"column":61}}},"19":{"name":"(anonymous_26)","decl":{"start":{"line":103,"column":26},"end":{"line":103,"column":33}},"loc":{"start":{"line":103,"column":37},"end":{"line":103,"column":61}}},"20":{"name":"(anonymous_27)","decl":{"start":{"line":106,"column":26},"end":{"line":106,"column":33}},"loc":{"start":{"line":106,"column":37},"end":{"line":106,"column":61}}},"21":{"name":"(anonymous_28)","decl":{"start":{"line":109,"column":26},"end":{"line":109,"column":33}},"loc":{"start":{"line":109,"column":37},"end":{"line":109,"column":61}}},"22":{"name":"(anonymous_29)","decl":{"start":{"line":112,"column":26},"end":{"line":112,"column":33}},"loc":{"start":{"line":112,"column":37},"end":{"line":112,"column":61}}},"23":{"name":"(anonymous_30)","decl":{"start":{"line":131,"column":35},"end":{"line":131,"column":36}},"loc":{"start":{"line":131,"column":62},"end":{"line":155,"column":1}}},"24":{"name":"(anonymous_31)","decl":{"start":{"line":135,"column":23},"end":{"line":135,"column":24}},"loc":{"start":{"line":135,"column":50},"end":{"line":138,"column":3}}},"25":{"name":"(anonymous_32)","decl":{"start":{"line":140,"column":22},"end":{"line":140,"column":25}},"loc":{"start":{"line":140,"column":27},"end":{"line":142,"column":3}}},"26":{"name":"(anonymous_33)","decl":{"start":{"line":144,"column":31},"end":{"line":144,"column":32}},"loc":{"start":{"line":144,"column":51},"end":{"line":146,"column":3}}}},"branchMap":{"0":{"loc":{"start":{"line":29,"column":8},"end":{"line":45,"column":9}},"type":"if","locations":[{"start":{"line":29,"column":8},"end":{"line":45,"column":9}},{"start":{"line":36,"column":15},"end":{"line":45,"column":9}}]},"1":{"loc":{"start":{"line":131,"column":36},"end":{"line":131,"column":58}},"type":"default-arg","locations":[{"start":{"line":131,"column":53},"end":{"line":131,"column":58}}]},"2":{"loc":{"start":{"line":135,"column":24},"end":{"line":135,"column":46}},"type":"default-arg","locations":[{"start":{"line":135,"column":34},"end":{"line":135,"column":46}}]}},"s":{"0":0,"1":0,"2":0,"3":0,"4":0,"5":0,"6":0,"7":0,"8":0,"9":0,"10":0,"11":0,"12":0,"13":0,"14":0,"15":0,"16":0,"17":0,"18":0,"19":0,"20":0,"21":0,"22":0,"23":0,"24":0,"25":0,"26":0,"27":0,"28":0,"29":0,"30":0,"31":0,"32":0,"33":0,"34":0,"35":0,"36":0,"37":0,"38":0,"39":0,"40":0,"41":0,"42":0,"43":0,"44":0,"45":0,"46":0,"47":0,"48":0,"49":0,"50":0,"51":0,"52":0,"53":0,"54":0,"55":0,"56":0,"57":0,"58":0,"59":0,"60":0,"61":0,"62":0,"63":0,"64":0,"65":0},"f":{"0":0,"1":0,"2":0,"3":0,"4":0,"5":0,"6":0,"7":0,"8":0,"9":0,"10":0,"11":0,"12":0,"13":0,"14":0,"15":0,"16":0,"17":0,"18":0,"19":0,"20":0,"21":0,"22":0,"23":0,"24":0,"25":0,"26":0},"b":{"0":[0,0],"1":[0],"2":[0]}}
,"/Users/diwakarkumarbhagat/Downloads/INKOGNITO PROTO 5/client/src/hooks/useRealtime.ts": {"path":"/Users/diwakarkumarbhagat/Downloads/INKOGNITO PROTO 5/client/src/hooks/useRealtime.ts","statementMap":{"0":{"start":{"line":36,"column":35},"end":{"line":134,"column":1}},"1":{"start":{"line":37,"column":19},"end":{"line":37,"column":28}},"2":{"start":{"line":38,"column":96},"end":{"line":38,"column":114}},"3":{"start":{"line":39,"column":34},"end":{"line":39,"column":65}},"4":{"start":{"line":40,"column":32},"end":{"line":40,"column":46}},"5":{"start":{"line":42,"column":2},"end":{"line":131,"column":13}},"6":{"start":{"line":43,"column":4},"end":{"line":43,"column":22}},"7":{"start":{"line":43,"column":15},"end":{"line":43,"column":22}},"8":{"start":{"line":46,"column":26},"end":{"line":59,"column":6}},"9":{"start":{"line":46,"column":37},"end":{"line":59,"column":6}},"10":{"start":{"line":47,"column":30},"end":{"line":51,"column":50}},"11":{"start":{"line":53,"column":6},"end":{"line":57,"column":7}},"12":{"start":{"line":54,"column":8},"end":{"line":54,"column":57}},"13":{"start":{"line":56,"column":8},"end":{"line":56,"column":32}},"14":{"start":{"line":58,"column":6},"end":{"line":58,"column":24}},"15":{"start":{"line":61,"column":4},"end":{"line":61,"column":20}},"16":{"start":{"line":64,"column":20},"end":{"line":126,"column":18}},"17":{"start":{"line":75,"column":10},"end":{"line":75,"column":59}},"18":{"start":{"line":77,"column":10},"end":{"line":102,"column":11}},"19":{"start":{"line":78,"column":12},"end":{"line":78,"column":75}},"20":{"start":{"line":78,"column":32},"end":{"line":78,"column":73}},"21":{"start":{"line":79,"column":17},"end":{"line":102,"column":11}},"22":{"start":{"line":80,"column":35},"end":{"line":80,"column":65}},"23":{"start":{"line":81,"column":12},"end":{"line":85,"column":14}},"24":{"start":{"line":82,"column":14},"end":{"line":83,"column":null}},"25":{"start":{"line":83,"column":16},"end":{"line":83,"column":67}},"26":{"start":{"line":88,"column":12},"end":{"line":97,"column":13}},"27":{"start":{"line":89,"column":14},"end":{"line":94,"column":17}},"28":{"start":{"line":95,"column":19},"end":{"line":97,"column":13}},"29":{"start":{"line":96,"column":14},"end":{"line":96,"column":45}},"30":{"start":{"line":98,"column":17},"end":{"line":102,"column":11}},"31":{"start":{"line":99,"column":12},"end":{"line":101,"column":14}},"32":{"start":{"line":100,"column":14},"end":{"line":100,"column":59}},"33":{"start":{"line":100,"column":33},"end":{"line":100,"column":58}},"34":{"start":{"line":109,"column":10},"end":{"line":109,"column":54}},"35":{"start":{"line":110,"column":10},"end":{"line":115,"column":13}},"36":{"start":{"line":122,"column":10},"end":{"line":122,"column":56}},"37":{"start":{"line":123,"column":10},"end":{"line":123,"column":81}},"38":{"start":{"line":128,"column":4},"end":{"line":130,"column":6}},"39":{"start":{"line":129,"column":6},"end":{"line":129,"column":38}},"40":{"start":{"line":133,"column":2},"end":{"line":133,"column":31}},"41":{"start":{"line":136,"column":34},"end":{"line":198,"column":1}},"42":{"start":{"line":137,"column":19},"end":{"line":137,"column":28}},"43":{"start":{"line":138,"column":32},"end":{"line":138,"column":61}},"44":{"start":{"line":139,"column":32},"end":{"line":139,"column":46}},"45":{"start":{"line":141,"column":2},"end":{"line":195,"column":13}},"46":{"start":{"line":142,"column":4},"end":{"line":142,"column":22}},"47":{"start":{"line":142,"column":15},"end":{"line":142,"column":22}},"48":{"start":{"line":145,"column":25},"end":{"line":161,"column":6}},"49":{"start":{"line":145,"column":36},"end":{"line":161,"column":6}},"50":{"start":{"line":146,"column":30},"end":{"line":153,"column":50}},"51":{"start":{"line":155,"column":6},"end":{"line":159,"column":7}},"52":{"start":{"line":156,"column":8},"end":{"line":156,"column":56}},"53":{"start":{"line":158,"column":8},"end":{"line":158,"column":31}},"54":{"start":{"line":160,"column":6},"end":{"line":160,"column":24}},"55":{"start":{"line":163,"column":4},"end":{"line":163,"column":19}},"56":{"start":{"line":166,"column":20},"end":{"line":190,"column":18}},"57":{"start":{"line":177,"column":10},"end":{"line":177,"column":57}},"58":{"start":{"line":179,"column":10},"end":{"line":187,"column":11}},"59":{"start":{"line":180,"column":12},"end":{"line":180,"column":72}},"60":{"start":{"line":180,"column":31},"end":{"line":180,"column":70}},"61":{"start":{"line":181,"column":17},"end":{"line":187,"column":11}},"62":{"start":{"line":182,"column":12},"end":{"line":186,"column":14}},"63":{"start":{"line":183,"column":14},"end":{"line":184,"column":null}},"64":{"start":{"line":184,"column":16},"end":{"line":184,"column":82}},"65":{"start":{"line":192,"column":4},"end":{"line":194,"column":6}},"66":{"start":{"line":193,"column":6},"end":{"line":193,"column":38}},"67":{"start":{"line":197,"column":2},"end":{"line":197,"column":30}},"68":{"start":{"line":200,"column":40},"end":{"line":239,"column":1}},"69":{"start":{"line":201,"column":19},"end":{"line":201,"column":28}},"70":{"start":{"line":202,"column":44},"end":{"line":202,"column":63}},"71":{"start":{"line":204,"column":2},"end":{"line":236,"column":13}},"72":{"start":{"line":205,"column":4},"end":{"line":205,"column":22}},"73":{"start":{"line":205,"column":15},"end":{"line":205,"column":22}},"74":{"start":{"line":208,"column":20},"end":{"line":231,"column":18}},"75":{"start":{"line":220,"column":10},"end":{"line":225,"column":11}},"76":{"start":{"line":221,"column":12},"end":{"line":224,"column":15}},"77":{"start":{"line":228,"column":10},"end":{"line":228,"column":59}},"78":{"start":{"line":228,"column":35},"end":{"line":228,"column":57}},"79":{"start":{"line":233,"column":4},"end":{"line":235,"column":6}},"80":{"start":{"line":234,"column":6},"end":{"line":234,"column":38}},"81":{"start":{"line":238,"column":2},"end":{"line":238,"column":27}}},"fnMap":{"0":{"name":"(anonymous_7)","decl":{"start":{"line":36,"column":35},"end":{"line":36,"column":38}},"loc":{"start":{"line":36,"column":40},"end":{"line":134,"column":1}}},"1":{"name":"(anonymous_8)","decl":{"start":{"line":42,"column":12},"end":{"line":42,"column":15}},"loc":{"start":{"line":42,"column":17},"end":{"line":131,"column":3}}},"2":{"name":"(anonymous_9)","decl":{"start":{"line":46,"column":26},"end":{"line":46,"column":35}},"loc":{"start":{"line":46,"column":37},"end":{"line":59,"column":6}}},"3":{"name":"(anonymous_10)","decl":{"start":{"line":46,"column":37},"end":{"line":46,"column":null}},"loc":{"start":{"line":46,"column":37},"end":{"line":59,"column":5}}},"4":{"name":"(anonymous_11)","decl":{"start":{"line":74,"column":8},"end":{"line":74,"column":9}},"loc":{"start":{"line":74,"column":20},"end":{"line":103,"column":9}}},"5":{"name":"(anonymous_12)","decl":{"start":{"line":78,"column":24},"end":{"line":78,"column":28}},"loc":{"start":{"line":78,"column":32},"end":{"line":78,"column":73}}},"6":{"name":"(anonymous_13)","decl":{"start":{"line":81,"column":24},"end":{"line":81,"column":28}},"loc":{"start":{"line":82,"column":14},"end":{"line":83,"column":null}}},"7":{"name":"(anonymous_14)","decl":{"start":{"line":82,"column":23},"end":{"line":82,"column":26}},"loc":{"start":{"line":83,"column":16},"end":{"line":83,"column":67}}},"8":{"name":"(anonymous_15)","decl":{"start":{"line":99,"column":24},"end":{"line":99,"column":28}},"loc":{"start":{"line":100,"column":14},"end":{"line":100,"column":59}}},"9":{"name":"(anonymous_16)","decl":{"start":{"line":100,"column":26},"end":{"line":100,"column":29}},"loc":{"start":{"line":100,"column":33},"end":{"line":100,"column":58}}},"10":{"name":"(anonymous_17)","decl":{"start":{"line":108,"column":8},"end":{"line":108,"column":9}},"loc":{"start":{"line":108,"column":20},"end":{"line":116,"column":9}}},"11":{"name":"(anonymous_18)","decl":{"start":{"line":121,"column":8},"end":{"line":121,"column":9}},"loc":{"start":{"line":121,"column":20},"end":{"line":124,"column":9}}},"12":{"name":"(anonymous_19)","decl":{"start":{"line":128,"column":11},"end":{"line":128,"column":14}},"loc":{"start":{"line":128,"column":16},"end":{"line":130,"column":5}}},"13":{"name":"(anonymous_20)","decl":{"start":{"line":136,"column":34},"end":{"line":136,"column":37}},"loc":{"start":{"line":136,"column":39},"end":{"line":198,"column":1}}},"14":{"name":"(anonymous_21)","decl":{"start":{"line":141,"column":12},"end":{"line":141,"column":15}},"loc":{"start":{"line":141,"column":17},"end":{"line":195,"column":3}}},"15":{"name":"(anonymous_22)","decl":{"start":{"line":145,"column":25},"end":{"line":145,"column":34}},"loc":{"start":{"line":145,"column":36},"end":{"line":161,"column":6}}},"16":{"name":"(anonymous_23)","decl":{"start":{"line":145,"column":36},"end":{"line":145,"column":null}},"loc":{"start":{"line":145,"column":36},"end":{"line":161,"column":5}}},"17":{"name":"(anonymous_24)","decl":{"start":{"line":176,"column":8},"end":{"line":176,"column":9}},"loc":{"start":{"line":176,"column":20},"end":{"line":188,"column":9}}},"18":{"name":"(anonymous_25)","decl":{"start":{"line":180,"column":23},"end":{"line":180,"column":27}},"loc":{"start":{"line":180,"column":31},"end":{"line":180,"column":70}}},"19":{"name":"(anonymous_26)","decl":{"start":{"line":182,"column":23},"end":{"line":182,"column":27}},"loc":{"start":{"line":183,"column":14},"end":{"line":184,"column":null}}},"20":{"name":"(anonymous_27)","decl":{"start":{"line":183,"column":23},"end":{"line":183,"column":28}},"loc":{"start":{"line":184,"column":16},"end":{"line":184,"column":82}}},"21":{"name":"(anonymous_28)","decl":{"start":{"line":192,"column":11},"end":{"line":192,"column":14}},"loc":{"start":{"line":192,"column":16},"end":{"line":194,"column":5}}},"22":{"name":"(anonymous_29)","decl":{"start":{"line":200,"column":40},"end":{"line":200,"column":43}},"loc":{"start":{"line":200,"column":45},"end":{"line":239,"column":1}}},"23":{"name":"(anonymous_30)","decl":{"start":{"line":204,"column":12},"end":{"line":204,"column":15}},"loc":{"start":{"line":204,"column":17},"end":{"line":236,"column":3}}},"24":{"name":"(anonymous_31)","decl":{"start":{"line":218,"column":8},"end":{"line":218,"column":9}},"loc":{"start":{"line":218,"column":20},"end":{"line":229,"column":9}}},"25":{"name":"(anonymous_32)","decl":{"start":{"line":228,"column":27},"end":{"line":228,"column":31}},"loc":{"start":{"line":228,"column":35},"end":{"line":228,"column":57}}},"26":{"name":"(anonymous_33)","decl":{"start":{"line":233,"column":11},"end":{"line":233,"column":14}},"loc":{"start":{"line":233,"column":16},"end":{"line":235,"column":5}}}},"branchMap":{"0":{"loc":{"start":{"line":43,"column":4},"end":{"line":43,"column":22}},"type":"if","locations":[{"start":{"line":43,"column":4},"end":{"line":43,"column":22}},{"start":{},"end":{}}]},"1":{"loc":{"start":{"line":53,"column":6},"end":{"line":57,"column":7}},"type":"if","locations":[{"start":{"line":53,"column":6},"end":{"line":57,"column":7}},{"start":{"line":55,"column":13},"end":{"line":57,"column":7}}]},"2":{"loc":{"start":{"line":56,"column":20},"end":{"line":56,"column":30}},"type":"binary-expr","locations":[{"start":{"line":56,"column":20},"end":{"line":56,"column":24}},{"start":{"line":56,"column":28},"end":{"line":56,"column":30}}]},"3":{"loc":{"start":{"line":77,"column":10},"end":{"line":102,"column":11}},"type":"if","locations":[{"start":{"line":77,"column":10},"end":{"line":102,"column":11}},{"start":{"line":79,"column":17},"end":{"line":102,"column":11}}]},"4":{"loc":{"start":{"line":79,"column":17},"end":{"line":102,"column":11}},"type":"if","locations":[{"start":{"line":79,"column":17},"end":{"line":102,"column":11}},{"start":{"line":98,"column":17},"end":{"line":102,"column":11}}]},"5":{"loc":{"start":{"line":83,"column":16},"end":{"line":83,"column":67}},"type":"cond-expr","locations":[{"start":{"line":83,"column":47},"end":{"line":83,"column":61}},{"start":{"line":83,"column":64},"end":{"line":83,"column":67}}]},"6":{"loc":{"start":{"line":88,"column":12},"end":{"line":97,"column":13}},"type":"if","locations":[{"start":{"line":88,"column":12},"end":{"line":97,"column":13}},{"start":{"line":95,"column":19},"end":{"line":97,"column":13}}]},"7":{"loc":{"start":{"line":95,"column":19},"end":{"line":97,"column":13}},"type":"if","locations":[{"start":{"line":95,"column":19},"end":{"line":97,"column":13}},{"start":{},"end":{}}]},"8":{"loc":{"start":{"line":98,"column":17},"end":{"line":102,"column":11}},"type":"if","locations":[{"start":{"line":98,"column":17},"end":{"line":102,"column":11}},{"start":{},"end":{}}]},"9":{"loc":{"start":{"line":123,"column":39},"end":{"line":123,"column":79}},"type":"binary-expr","locations":[{"start":{"line":123,"column":39},"end":{"line":123,"column":60}},{"start":{"line":123,"column":64},"end":{"line":123,"column":79}}]},"10":{"loc":{"start":{"line":142,"column":4},"end":{"line":142,"column":22}},"type":"if","locations":[{"start":{"line":142,"column":4},"end":{"line":142,"column":22}},{"start":{},"end":{}}]},"11":{"loc":{"start":{"line":155,"column":6},"end":{"line":159,"column":7}},"type":"if","locations":[{"start":{"line":155,"column":6},"end":{"line":159,"column":7}},{"start":{"line":157,"column":13},"end":{"line":159,"column":7}}]},"12":{"loc":{"start":{"line":158,"column":19},"end":{"line":158,"column":29}},"type":"binary-expr","locations":[{"start":{"line":158,"column":19},"end":{"line":158,"column":23}},{"start":{"line":158,"column":27},"end":{"line":158,"column":29}}]},"13":{"loc":{"start":{"line":179,"column":10},"end":{"line":187,"column":11}},"type":"if","locations":[{"start":{"line":179,"column":10},"end":{"line":187,"column":11}},{"start":{"line":181,"column":17},"end":{"line":187,"column":11}}]},"14":{"loc":{"start":{"line":181,"column":17},"end":{"line":187,"column":11}},"type":"if","locations":[{"start":{"line":181,"column":17},"end":{"line":187,"column":11}},{"start":{},"end":{}}]},"15":{"loc":{"start":{"line":184,"column":16},"end":{"line":184,"column":82}},"type":"cond-expr","locations":[{"start":{"line":184,"column":46},"end":{"line":184,"column":74}},{"start":{"line":184,"column":77},"end":{"line":184,"column":82}}]},"16":{"loc":{"start":{"line":205,"column":4},"end":{"line":205,"column":22}},"type":"if","locations":[{"start":{"line":205,"column":4},"end":{"line":205,"column":22}},{"start":{},"end":{}}]},"17":{"loc":{"start":{"line":220,"column":10},"end":{"line":225,"column":11}},"type":"if","locations":[{"start":{"line":220,"column":10},"end":{"line":225,"column":11}},{"start":{},"end":{}}]}},"s":{"0":0,"1":0,"2":0,"3":0,"4":0,"5":0,"6":0,"7":0,"8":0,"9":0,"10":0,"11":0,"12":0,"13":0,"14":0,"15":0,"16":0,"17":0,"18":0,"19":0,"20":0,"21":0,"22":0,"23":0,"24":0,"25":0,"26":0,"27":0,"28":0,"29":0,"30":0,"31":0,"32":0,"33":0,"34":0,"35":0,"36":0,"37":0,"38":0,"39":0,"40":0,"41":0,"42":0,"43":0,"44":0,"45":0,"46":0,"47":0,"48":0,"49":0,"50":0,"51":0,"52":0,"53":0,"54":0,"55":0,"56":0,"57":0,"58":0,"59":0,"60":0,"61":0,"62":0,"63":0,"64":0,"65":0,"66":0,"67":0,"68":0,"69":0,"70":0,"71":0,"72":0,"73":0,"74":0,"75":0,"76":0,"77":0,"78":0,"79":0,"80":0,"81":0},"f":{"0":0,"1":0,"2":0,"3":0,"4":0,"5":0,"6":0,"7":0,"8":0,"9":0,"10":0,"11":0,"12":0,"13":0,"14":0,"15":0,"16":0,"17":0,"18":0,"19":0,"20":0,"21":0,"22":0,"23":0,"24":0,"25":0,"26":0},"b":{"0":[0,0],"1":[0,0],"2":[0,0],"3":[0,0],"4":[0,0],"5":[0,0],"6":[0,0],"7":[0,0],"8":[0,0],"9":[0,0],"10":[0,0],"11":[0,0],"12":[0,0],"13":[0,0],"14":[0,0],"15":[0,0],"16":[0,0],"17":[0,0]}}
,"/Users/diwakarkumarbhagat/Downloads/INKOGNITO PROTO 5/client/src/lib/geolocation.ts": {"path":"/Users/diwakarkumarbhagat/Downloads/INKOGNITO PROTO 5/client/src/lib/geolocation.ts","statementMap":{"0":{"start":{"line":18,"column":10},"end":{"line":18,"column":54}},"1":{"start":{"line":19,"column":10},"end":{"line":19,"column":40}},"2":{"start":{"line":24,"column":4},"end":{"line":26,"column":5}},"3":{"start":{"line":25,"column":6},"end":{"line":25,"column":61}},"4":{"start":{"line":27,"column":4},"end":{"line":27,"column":39}},"5":{"start":{"line":32,"column":4},"end":{"line":32,"column":38}},"6":{"start":{"line":37,"column":4},"end":{"line":39,"column":5}},"7":{"start":{"line":38,"column":6},"end":{"line":38,"column":70}},"8":{"start":{"line":41,"column":24},"end":{"line":45,"column":null}},"9":{"start":{"line":48,"column":4},"end":{"line":67,"column":7}},"10":{"start":{"line":49,"column":6},"end":{"line":66,"column":8}},"11":{"start":{"line":50,"column":27},"end":{"line":61,"column":null}},"12":{"start":{"line":51,"column":41},"end":{"line":57,"column":12}},"13":{"start":{"line":59,"column":10},"end":{"line":59,"column":42}},"14":{"start":{"line":60,"column":10},"end":{"line":60,"column":28}},"15":{"start":{"line":63,"column":10},"end":{"line":63,"column":67}},"16":{"start":{"line":76,"column":4},"end":{"line":78,"column":5}},"17":{"start":{"line":77,"column":6},"end":{"line":77,"column":70}},"18":{"start":{"line":80,"column":24},"end":{"line":84,"column":null}},"19":{"start":{"line":87,"column":4},"end":{"line":105,"column":6}},"20":{"start":{"line":88,"column":25},"end":{"line":99,"column":null}},"21":{"start":{"line":89,"column":39},"end":{"line":95,"column":10}},"22":{"start":{"line":97,"column":8},"end":{"line":97,"column":40}},"23":{"start":{"line":98,"column":8},"end":{"line":98,"column":35}},"24":{"start":{"line":101,"column":25},"end":{"line":101,"column":73}},"25":{"start":{"line":102,"column":8},"end":{"line":102,"column":28}},"26":{"start":{"line":107,"column":4},"end":{"line":107,"column":24}},"27":{"start":{"line":112,"column":4},"end":{"line":115,"column":5}},"28":{"start":{"line":113,"column":6},"end":{"line":113,"column":53}},"29":{"start":{"line":114,"column":6},"end":{"line":114,"column":26}},"30":{"start":{"line":120,"column":4},"end":{"line":120,"column":32}},"31":{"start":{"line":130,"column":14},"end":{"line":130,"column":18}},"32":{"start":{"line":131,"column":17},"end":{"line":131,"column":44}},"33":{"start":{"line":132,"column":17},"end":{"line":132,"column":44}},"34":{"start":{"line":135,"column":6},"end":{"line":137,"column":45}},"35":{"start":{"line":139,"column":14},"end":{"line":139,"column":60}},"36":{"start":{"line":140,"column":4},"end":{"line":140,"column":17}},"37":{"start":{"line":150,"column":4},"end":{"line":156,"column":47}},"38":{"start":{"line":151,"column":23},"end":{"line":153,"column":null}},"39":{"start":{"line":155,"column":26},"end":{"line":155,"column":55}},"40":{"start":{"line":156,"column":22},"end":{"line":156,"column":45}},"41":{"start":{"line":161,"column":4},"end":{"line":178,"column":5}},"42":{"start":{"line":163,"column":23},"end":{"line":164,"column":null}},"43":{"start":{"line":167,"column":6},"end":{"line":169,"column":7}},"44":{"start":{"line":168,"column":8},"end":{"line":168,"column":52}},"45":{"start":{"line":171,"column":19},"end":{"line":171,"column":40}},"46":{"start":{"line":172,"column":6},"end":{"line":174,"column":52}},"47":{"start":{"line":176,"column":6},"end":{"line":176,"column":55}},"48":{"start":{"line":177,"column":6},"end":{"line":177,"column":52}},"49":{"start":{"line":182,"column":4},"end":{"line":182,"column":37}},"50":{"start":{"line":187,"column":4},"end":{"line":189,"column":5}},"51":{"start":{"line":188,"column":6},"end":{"line":188,"column":19}},"52":{"start":{"line":191,"column":4},"end":{"line":203,"column":5}},"53":{"start":{"line":193,"column":25},"end":{"line":193,"column":101}},"54":{"start":{"line":194,"column":6},"end":{"line":194,"column":44}},"55":{"start":{"line":197,"column":6},"end":{"line":202,"column":7}},"56":{"start":{"line":198,"column":8},"end":{"line":198,"column":57}},"57":{"start":{"line":199,"column":8},"end":{"line":199,"column":20}},"58":{"start":{"line":201,"column":8},"end":{"line":201,"column":21}},"59":{"start":{"line":208,"column":27},"end":{"line":208,"column":59}},"60":{"start":{"line":211,"column":30},"end":{"line":232,"column":1}},"61":{"start":{"line":212,"column":2},"end":{"line":231,"column":4}},"62":{"start":{"line":213,"column":58},"end":{"line":213,"column":97}},"63":{"start":{"line":218,"column":9},"end":{"line":218,"column":70}},"64":{"start":{"line":219,"column":22},"end":{"line":219,"column":46}},"65":{"start":{"line":220,"column":29},"end":{"line":220,"column":60}},"66":{"start":{"line":222,"column":6},"end":{"line":222,"column":59}},"67":{"start":{"line":228,"column":9},"end":{"line":228,"column":83}},"68":{"start":{"line":229,"column":23},"end":{"line":229,"column":48}},"69":{"start":{"line":230,"column":29},"end":{"line":230,"column":60}}},"fnMap":{"0":{"name":"(anonymous_7)","decl":{"start":{"line":21,"column":2},"end":{"line":21,"column":25}},"loc":{"start":{"line":21,"column":2},"end":{"line":21,"column":26}}},"1":{"name":"(anonymous_8)","decl":{"start":{"line":23,"column":9},"end":{"line":23,"column":15}},"loc":{"start":{"line":23,"column":27},"end":{"line":28,"column":3}}},"2":{"name":"(anonymous_9)","decl":{"start":{"line":31,"column":9},"end":{"line":31,"column":20}},"loc":{"start":{"line":31,"column":20},"end":{"line":33,"column":3}}},"3":{"name":"(anonymous_10)","decl":{"start":{"line":36,"column":15},"end":{"line":36,"column":33}},"loc":{"start":{"line":36,"column":62},"end":{"line":68,"column":null}}},"4":{"name":"(anonymous_12)","decl":{"start":{"line":48,"column":23},"end":{"line":48,"column":24}},"loc":{"start":{"line":48,"column":43},"end":{"line":67,"column":5}}},"5":{"name":"(anonymous_13)","decl":{"start":{"line":50,"column":8},"end":{"line":50,"column":15}},"loc":{"start":{"line":50,"column":27},"end":{"line":61,"column":null}}},"6":{"name":"(anonymous_14)","decl":{"start":{"line":50,"column":27},"end":{"line":50,"column":null}},"loc":{"start":{"line":50,"column":27},"end":{"line":61,"column":9}}},"7":{"name":"(anonymous_15)","decl":{"start":{"line":62,"column":8},"end":{"line":62,"column":9}},"loc":{"start":{"line":62,"column":18},"end":{"line":64,"column":9}}},"8":{"name":"(anonymous_16)","decl":{"start":{"line":71,"column":9},"end":{"line":71,"column":22}},"loc":{"start":{"line":74,"column":32},"end":{"line":108,"column":3}}},"9":{"name":"(anonymous_17)","decl":{"start":{"line":88,"column":6},"end":{"line":88,"column":13}},"loc":{"start":{"line":88,"column":25},"end":{"line":99,"column":null}}},"10":{"name":"(anonymous_18)","decl":{"start":{"line":88,"column":25},"end":{"line":88,"column":null}},"loc":{"start":{"line":88,"column":25},"end":{"line":99,"column":7}}},"11":{"name":"(anonymous_19)","decl":{"start":{"line":100,"column":6},"end":{"line":100,"column":7}},"loc":{"start":{"line":100,"column":16},"end":{"line":103,"column":7}}},"12":{"name":"(anonymous_20)","decl":{"start":{"line":111,"column":9},"end":{"line":111,"column":19}},"loc":{"start":{"line":111,"column":19},"end":{"line":116,"column":3}}},"13":{"name":"(anonymous_21)","decl":{"start":{"line":119,"column":9},"end":{"line":119,"column":26}},"loc":{"start":{"line":119,"column":26},"end":{"line":121,"column":3}}},"14":{"name":"(anonymous_22)","decl":{"start":{"line":124,"column":9},"end":{"line":124,"column":26}},"loc":{"start":{"line":128,"column":16},"end":{"line":141,"column":3}}},"15":{"name":"(anonymous_23)","decl":{"start":{"line":144,"column":9},"end":{"line":144,"column":28}},"loc":{"start":{"line":148,"column":20},"end":{"line":157,"column":3}}},"16":{"name":"(anonymous_24)","decl":{"start":{"line":151,"column":11},"end":{"line":151,"column":19}},"loc":{"start":{"line":151,"column":23},"end":{"line":153,"column":null}}},"17":{"name":"(anonymous_25)","decl":{"start":{"line":155,"column":14},"end":{"line":155,"column":22}},"loc":{"start":{"line":155,"column":26},"end":{"line":155,"column":55}}},"18":{"name":"(anonymous_26)","decl":{"start":{"line":156,"column":12},"end":{"line":156,"column":13}},"loc":{"start":{"line":156,"column":22},"end":{"line":156,"column":45}}},"19":{"name":"(anonymous_27)","decl":{"start":{"line":160,"column":16},"end":{"line":160,"column":30}},"loc":{"start":{"line":160,"column":55},"end":{"line":179,"column":null}}},"20":{"name":"(anonymous_29)","decl":{"start":{"line":181,"column":10},"end":{"line":181,"column":19}},"loc":{"start":{"line":181,"column":35},"end":{"line":183,"column":3}}},"21":{"name":"(anonymous_30)","decl":{"start":{"line":186,"column":15},"end":{"line":186,"column":32}},"loc":{"start":{"line":186,"column":32},"end":{"line":204,"column":null}}},"22":{"name":"(anonymous_32)","decl":{"start":{"line":211,"column":30},"end":{"line":211,"column":33}},"loc":{"start":{"line":211,"column":35},"end":{"line":232,"column":1}}},"23":{"name":"(anonymous_33)","decl":{"start":{"line":213,"column":24},"end":{"line":213,"column":25}},"loc":{"start":{"line":213,"column":58},"end":{"line":213,"column":97}}},"24":{"name":"(anonymous_34)","decl":{"start":{"line":214,"column":19},"end":{"line":214,"column":null}},"loc":{"start":{"line":218,"column":9},"end":{"line":218,"column":70}}},"25":{"name":"(anonymous_35)","decl":{"start":{"line":219,"column":16},"end":{"line":219,"column":19}},"loc":{"start":{"line":219,"column":22},"end":{"line":219,"column":46}}},"26":{"name":"(anonymous_36)","decl":{"start":{"line":220,"column":23},"end":{"line":220,"column":26}},"loc":{"start":{"line":220,"column":29},"end":{"line":220,"column":60}}},"27":{"name":"(anonymous_37)","decl":{"start":{"line":221,"column":23},"end":{"line":221,"column":24}},"loc":{"start":{"line":222,"column":6},"end":{"line":222,"column":59}}},"28":{"name":"(anonymous_38)","decl":{"start":{"line":223,"column":25},"end":{"line":223,"column":null}},"loc":{"start":{"line":228,"column":9},"end":{"line":228,"column":83}}},"29":{"name":"(anonymous_39)","decl":{"start":{"line":229,"column":17},"end":{"line":229,"column":20}},"loc":{"start":{"line":229,"column":23},"end":{"line":229,"column":48}}},"30":{"name":"(anonymous_40)","decl":{"start":{"line":230,"column":23},"end":{"line":230,"column":26}},"loc":{"start":{"line":230,"column":29},"end":{"line":230,"column":60}}}},"branchMap":{"0":{"loc":{"start":{"line":24,"column":4},"end":{"line":26,"column":5}},"type":"if","locations":[{"start":{"line":24,"column":4},"end":{"line":26,"column":5}},{"start":{},"end":{}}]},"1":{"loc":{"start":{"line":37,"column":4},"end":{"line":39,"column":5}},"type":"if","locations":[{"start":{"line":37,"column":4},"end":{"line":39,"column":5}},{"start":{},"end":{}}]},"2":{"loc":{"start":{"line":76,"column":4},"end":{"line":78,"column":5}},"type":"if","locations":[{"start":{"line":76,"column":4},"end":{"line":78,"column":5}},{"start":{},"end":{}}]},"3":{"loc":{"start":{"line":102,"column":8},"end":{"line":102,"column":27}},"type":"cond-expr","locations":[{"start":{"line":102,"column":15},"end":{"line":102,"column":18}},{"start":{"line":102,"column":8},"end":{"line":102,"column":27}}]},"4":{"loc":{"start":{"line":102,"column":8},"end":{"line":102,"column":18}},"type":"binary-expr","locations":[{"start":{"line":102,"column":8},"end":{"line":102,"column":18}},{"start":{"line":102,"column":8},"end":{"line":102,"column":18}}]},"5":{"loc":{"start":{"line":112,"column":4},"end":{"line":115,"column":5}},"type":"if","locations":[{"start":{"line":112,"column":4},"end":{"line":115,"column":5}},{"start":{},"end":{}}]},"6":{"loc":{"start":{"line":167,"column":6},"end":{"line":169,"column":7}},"type":"if","locations":[{"start":{"line":167,"column":6},"end":{"line":169,"column":7}},{"start":{},"end":{}}]},"7":{"loc":{"start":{"line":172,"column":13},"end":{"line":174,"column":51}},"type":"binary-expr","locations":[{"start":{"line":172,"column":13},"end":{"line":172,"column":57}},{"start":{"line":173,"column":13},"end":{"line":173,"column":51}},{"start":{"line":174,"column":13},"end":{"line":174,"column":51}}]},"8":{"loc":{"start":{"line":172,"column":13},"end":{"line":172,"column":57}},"type":"cond-expr","locations":[{"start":{"line":172,"column":51},"end":{"line":172,"column":53}},{"start":{"line":172,"column":51},"end":{"line":172,"column":57}}]},"9":{"loc":{"start":{"line":172,"column":13},"end":{"line":172,"column":53}},"type":"binary-expr","locations":[{"start":{"line":172,"column":13},"end":{"line":172,"column":53}},{"start":{"line":172,"column":51},"end":{"line":172,"column":53}}]},"10":{"loc":{"start":{"line":172,"column":13},"end":{"line":172,"column":51}},"type":"cond-expr","locations":[{"start":{"line":172,"column":46},"end":{"line":172,"column":49}},{"start":{"line":172,"column":46},"end":{"line":172,"column":51}}]},"11":{"loc":{"start":{"line":172,"column":13},"end":{"line":172,"column":49}},"type":"binary-expr","locations":[{"start":{"line":172,"column":13},"end":{"line":172,"column":49}},{"start":{"line":172,"column":46},"end":{"line":172,"column":49}}]},"12":{"loc":{"start":{"line":172,"column":13},"end":{"line":172,"column":46}},"type":"cond-expr","locations":[{"start":{"line":172,"column":30},"end":{"line":172,"column":32}},{"start":{"line":172,"column":30},"end":{"line":172,"column":46}}]},"13":{"loc":{"start":{"line":172,"column":13},"end":{"line":172,"column":32}},"type":"binary-expr","locations":[{"start":{"line":172,"column":13},"end":{"line":172,"column":32}},{"start":{"line":172,"column":30},"end":{"line":172,"column":32}}]},"14":{"loc":{"start":{"line":173,"column":13},"end":{"line":173,"column":51}},"type":"cond-expr","locations":[{"start":{"line":173,"column":45},"end":{"line":173,"column":47}},{"start":{"line":173,"column":45},"end":{"line":173,"column":51}}]},"15":{"loc":{"start":{"line":173,"column":13},"end":{"line":173,"column":47}},"type":"binary-expr","locations":[{"start":{"line":173,"column":13},"end":{"line":173,"column":47}},{"start":{"line":173,"column":45},"end":{"line":173,"column":47}}]},"16":{"loc":{"start":{"line":173,"column":13},"end":{"line":173,"column":45}},"type":"cond-expr","locations":[{"start":{"line":173,"column":40},"end":{"line":173,"column":43}},{"start":{"line":173,"column":40},"end":{"line":173,"column":45}}]},"17":{"loc":{"start":{"line":173,"column":13},"end":{"line":173,"column":43}},"type":"binary-expr","locations":[{"start":{"line":173,"column":13},"end":{"line":173,"column":43}},{"start":{"line":173,"column":40},"end":{"line":173,"column":43}}]},"18":{"loc":{"start":{"line":173,"column":13},"end":{"line":173,"column":40}},"type":"cond-expr","locations":[{"start":{"line":173,"column":30},"end":{"line":173,"column":32}},{"start":{"line":173,"column":30},"end":{"line":173,"column":40}}]},"19":{"loc":{"start":{"line":173,"column":13},"end":{"line":173,"column":32}},"type":"binary-expr","locations":[{"start":{"line":173,"column":13},"end":{"line":173,"column":32}},{"start":{"line":173,"column":30},"end":{"line":173,"column":32}}]},"20":{"loc":{"start":{"line":187,"column":4},"end":{"line":189,"column":5}},"type":"if","locations":[{"start":{"line":187,"column":4},"end":{"line":189,"column":5}},{"start":{},"end":{}}]}},"s":{"0":0,"1":0,"2":0,"3":0,"4":0,"5":0,"6":0,"7":0,"8":0,"9":0,"10":0,"11":0,"12":0,"13":0,"14":0,"15":0,"16":0,"17":0,"18":0,"19":0,"20":0,"21":0,"22":0,"23":0,"24":0,"25":0,"26":0,"27":0,"28":0,"29":0,"30":0,"31":0,"32":0,"33":0,"34":0,"35":0,"36":0,"37":0,"38":0,"39":0,"40":0,"41":0,"42":0,"43":0,"44":0,"45":0,"46":0,"47":0,"48":0,"49":0,"50":0,"51":0,"52":0,"53":0,"54":0,"55":0,"56":0,"57":0,"58":0,"59":0,"60":0,"61":0,"62":0,"63":0,"64":0,"65":0,"66":0,"67":0,"68":0,"69":0},"f":{"0":0,"1":0,"2":0,"3":0,"4":0,"5":0,"6":0,"7":0,"8":0,"9":0,"10":0,"11":0,"12":0,"13":0,"14":0,"15":0,"16":0,"17":0,"18":0,"19":0,"20":0,"21":0,"22":0,"23":0,"24":0,"25":0,"26":0,"27":0,"28":0,"29":0,"30":0},"b":{"0":[0,0],"1":[0,0],"2":[0,0],"3":[0,0],"4":[0,0],"5":[0,0],"6":[0,0],"7":[0,0,0],"8":[0,0],"9":[0,0],"10":[0,0],"11":[0,0],"12":[0,0],"13":[0,0],"14":[0,0],"15":[0,0],"16":[0,0],"17":[0,0],"18":[0,0],"19":[0,0],"20":[0,0]}}
,"/Users/diwakarkumarbhagat/Downloads/INKOGNITO PROTO 5/client/src/lib/notifications.ts": {"path":"/Users/diwakarkumarbhagat/Downloads/INKOGNITO PROTO 5/client/src/lib/notifications.ts","statementMap":{"0":{"start":{"line":4,"column":10},"end":{"line":4,"column":57}},"1":{"start":{"line":7,"column":4},"end":{"line":7,"column":29}},"2":{"start":{"line":11,"column":4},"end":{"line":13,"column":5}},"3":{"start":{"line":12,"column":6},"end":{"line":12,"column":63}},"4":{"start":{"line":14,"column":4},"end":{"line":14,"column":40}},"5":{"start":{"line":18,"column":4},"end":{"line":20,"column":5}},"6":{"start":{"line":19,"column":6},"end":{"line":19,"column":63}},"7":{"start":{"line":24,"column":4},"end":{"line":48,"column":null}},"8":{"start":{"line":27,"column":4},"end":{"line":30,"column":5}},"9":{"start":{"line":28,"column":6},"end":{"line":28,"column":58}},"10":{"start":{"line":29,"column":6},"end":{"line":29,"column":13}},"11":{"start":{"line":32,"column":25},"end":{"line":35,"column":null}},"12":{"start":{"line":39,"column":4},"end":{"line":41,"column":14}},"13":{"start":{"line":40,"column":6},"end":{"line":40,"column":27}},"14":{"start":{"line":44,"column":4},"end":{"line":47,"column":6}},"15":{"start":{"line":45,"column":6},"end":{"line":45,"column":21}},"16":{"start":{"line":46,"column":6},"end":{"line":46,"column":27}},"17":{"start":{"line":56,"column":4},"end":{"line":63,"column":6}},"18":{"start":{"line":72,"column":25},"end":{"line":72,"column":69}},"19":{"start":{"line":74,"column":4},"end":{"line":81,"column":6}},"20":{"start":{"line":88,"column":24},"end":{"line":93,"column":21}},"21":{"start":{"line":95,"column":4},"end":{"line":102,"column":6}},"22":{"start":{"line":106,"column":4},"end":{"line":113,"column":6}},"23":{"start":{"line":117,"column":4},"end":{"line":124,"column":6}},"24":{"start":{"line":129,"column":29},"end":{"line":129,"column":62}},"25":{"start":{"line":132,"column":32},"end":{"line":147,"column":1}},"26":{"start":{"line":133,"column":2},"end":{"line":146,"column":4}},"27":{"start":{"line":135,"column":6},"end":{"line":135,"column":52}},"28":{"start":{"line":137,"column":6},"end":{"line":137,"column":52}},"29":{"start":{"line":139,"column":6},"end":{"line":139,"column":56}},"30":{"start":{"line":141,"column":6},"end":{"line":141,"column":65}},"31":{"start":{"line":143,"column":6},"end":{"line":143,"column":50}},"32":{"start":{"line":145,"column":6},"end":{"line":145,"column":63}}},"fnMap":{"0":{"name":"(anonymous_7)","decl":{"start":{"line":6,"column":2},"end":{"line":6,"column":null}},"loc":{"start":{"line":6,"column":2},"end":{"line":8,"column":3}}},"1":{"name":"(anonymous_8)","decl":{"start":{"line":10,"column":9},"end":{"line":10,"column":15}},"loc":{"start":{"line":10,"column":27},"end":{"line":15,"column":3}}},"2":{"name":"(anonymous_9)","decl":{"start":{"line":17,"column":16},"end":{"line":17,"column":33}},"loc":{"start":{"line":17,"column":33},"end":{"line":21,"column":null}}},"3":{"name":"(anonymous_11)","decl":{"start":{"line":23,"column":15},"end":{"line":23,"column":31}},"loc":{"start":{"line":23,"column":31},"end":{"line":48,"column":null}}},"4":{"name":"(anonymous_12)","decl":{"start":{"line":24,"column":4},"end":{"line":24,"column":17}},"loc":{"start":{"line":25,"column":37},"end":{"line":48,"column":3}}},"5":{"name":"(anonymous_13)","decl":{"start":{"line":39,"column":15},"end":{"line":39,"column":18}},"loc":{"start":{"line":39,"column":20},"end":{"line":41,"column":5}}},"6":{"name":"(anonymous_14)","decl":{"start":{"line":44,"column":27},"end":{"line":44,"column":30}},"loc":{"start":{"line":44,"column":32},"end":{"line":47,"column":5}}},"7":{"name":"(anonymous_15)","decl":{"start":{"line":50,"column":15},"end":{"line":50,"column":36}},"loc":{"start":{"line":55,"column":3},"end":{"line":64,"column":null}}},"8":{"name":"(anonymous_17)","decl":{"start":{"line":66,"column":15},"end":{"line":66,"column":38}},"loc":{"start":{"line":71,"column":3},"end":{"line":82,"column":null}}},"9":{"name":"(anonymous_19)","decl":{"start":{"line":84,"column":15},"end":{"line":84,"column":43}},"loc":{"start":{"line":86,"column":19},"end":{"line":103,"column":null}}},"10":{"name":"(anonymous_21)","decl":{"start":{"line":105,"column":15},"end":{"line":105,"column":43}},"loc":{"start":{"line":105,"column":43},"end":{"line":114,"column":null}}},"11":{"name":"(anonymous_23)","decl":{"start":{"line":116,"column":15},"end":{"line":116,"column":43}},"loc":{"start":{"line":116,"column":65},"end":{"line":125,"column":null}}},"12":{"name":"(anonymous_25)","decl":{"start":{"line":132,"column":32},"end":{"line":132,"column":35}},"loc":{"start":{"line":132,"column":37},"end":{"line":147,"column":1}}},"13":{"name":"(anonymous_26)","decl":{"start":{"line":134,"column":22},"end":{"line":134,"column":23}},"loc":{"start":{"line":135,"column":6},"end":{"line":135,"column":52}}},"14":{"name":"(anonymous_27)","decl":{"start":{"line":136,"column":27},"end":{"line":136,"column":28}},"loc":{"start":{"line":137,"column":6},"end":{"line":137,"column":52}}},"15":{"name":"(anonymous_28)","decl":{"start":{"line":138,"column":29},"end":{"line":138,"column":30}},"loc":{"start":{"line":139,"column":6},"end":{"line":139,"column":56}}},"16":{"name":"(anonymous_29)","decl":{"start":{"line":140,"column":34},"end":{"line":140,"column":35}},"loc":{"start":{"line":141,"column":6},"end":{"line":141,"column":65}}},"17":{"name":"(anonymous_30)","decl":{"start":{"line":142,"column":34},"end":{"line":142,"column":37}},"loc":{"start":{"line":143,"column":6},"end":{"line":143,"column":50}}},"18":{"name":"(anonymous_31)","decl":{"start":{"line":144,"column":34},"end":{"line":144,"column":35}},"loc":{"start":{"line":145,"column":6},"end":{"line":145,"column":63}}}},"branchMap":{"0":{"loc":{"start":{"line":11,"column":4},"end":{"line":13,"column":5}},"type":"if","locations":[{"start":{"line":11,"column":4},"end":{"line":13,"column":5}},{"start":{},"end":{}}]},"1":{"loc":{"start":{"line":18,"column":4},"end":{"line":20,"column":5}},"type":"if","locations":[{"start":{"line":18,"column":4},"end":{"line":20,"column":5}},{"start":{},"end":{}}]},"2":{"loc":{"start":{"line":25,"column":4},"end":{"line":25,"column":37}},"type":"default-arg","locations":[{"start":{"line":25,"column":35},"end":{"line":25,"column":37}}]},"3":{"loc":{"start":{"line":27,"column":4},"end":{"line":30,"column":5}},"type":"if","locations":[{"start":{"line":27,"column":4},"end":{"line":30,"column":5}},{"start":{},"end":{}}]},"4":{"loc":{"start":{"line":72,"column":25},"end":{"line":72,"column":69}},"type":"cond-expr","locations":[{"start":{"line":72,"column":58},"end":{"line":72,"column":62}},{"start":{"line":72,"column":65},"end":{"line":72,"column":69}}]},"5":{"loc":{"start":{"line":88,"column":24},"end":{"line":93,"column":21}},"type":"binary-expr","locations":[{"start":{"line":88,"column":24},"end":{"line":93,"column":13}},{"start":{"line":93,"column":17},"end":{"line":93,"column":21}}]}},"s":{"0":0,"1":0,"2":0,"3":0,"4":0,"5":0,"6":0,"7":0,"8":0,"9":0,"10":0,"11":0,"12":0,"13":0,"14":0,"15":0,"16":0,"17":0,"18":0,"19":0,"20":0,"21":0,"22":0,"23":0,"24":0,"25":0,"26":0,"27":0,"28":0,"29":0,"30":0,"31":0,"32":0},"f":{"0":0,"1":0,"2":0,"3":0,"4":0,"5":0,"6":0,"7":0,"8":0,"9":0,"10":0,"11":0,"12":0,"13":0,"14":0,"15":0,"16":0,"17":0,"18":0},"b":{"0":[0,0],"1":[0,0],"2":[0],"3":[0,0],"4":[0,0],"5":[0,0]}}
,"/Users/diwakarkumarbhagat/Downloads/INKOGNITO PROTO 5/client/src/lib/queryClient.ts": {"path":"/Users/diwakarkumarbhagat/Downloads/INKOGNITO PROTO 5/client/src/lib/queryClient.ts","statementMap":{"0":{"start":{"line":4,"column":2},"end":{"line":7,"column":3}},"1":{"start":{"line":5,"column":17},"end":{"line":5,"column":53}},"2":{"start":{"line":6,"column":4},"end":{"line":6,"column":46}},"3":{"start":{"line":15,"column":14},"end":{"line":20,"column":4}},"4":{"start":{"line":22,"column":2},"end":{"line":22,"column":29}},"5":{"start":{"line":23,"column":2},"end":{"line":23,"column":13}},"6":{"start":{"line":30,"column":2},"end":{"line":42,"column":4}},"7":{"start":{"line":31,"column":2},"end":{"line":42,"column":4}},"8":{"start":{"line":31,"column":25},"end":{"line":42,"column":4}},"9":{"start":{"line":32,"column":16},"end":{"line":34,"column":6}},"10":{"start":{"line":36,"column":4},"end":{"line":38,"column":5}},"11":{"start":{"line":37,"column":6},"end":{"line":37,"column":18}},"12":{"start":{"line":40,"column":4},"end":{"line":40,"column":31}},"13":{"start":{"line":41,"column":4},"end":{"line":41,"column":28}},"14":{"start":{"line":44,"column":27},"end":{"line":57,"column":2}}},"fnMap":{"0":{"name":"throwIfResNotOk","decl":{"start":{"line":3,"column":15},"end":{"line":3,"column":30}},"loc":{"start":{"line":3,"column":44},"end":{"line":8,"column":null}}},"1":{"name":"apiRequest","decl":{"start":{"line":10,"column":22},"end":{"line":10,"column":32}},"loc":{"start":{"line":13,"column":28},"end":{"line":24,"column":null}}},"2":{"name":"(anonymous_11)","decl":{"start":{"line":30,"column":2},"end":{"line":30,"column":3}},"loc":{"start":{"line":31,"column":2},"end":{"line":42,"column":4}}},"3":{"name":"(anonymous_12)","decl":{"start":{"line":31,"column":2},"end":{"line":31,"column":9}},"loc":{"start":{"line":31,"column":25},"end":{"line":42,"column":4}}},"4":{"name":"(anonymous_13)","decl":{"start":{"line":31,"column":25},"end":{"line":31,"column":null}},"loc":{"start":{"line":31,"column":21},"end":{"line":42,"column":3}}}},"branchMap":{"0":{"loc":{"start":{"line":4,"column":2},"end":{"line":7,"column":3}},"type":"if","locations":[{"start":{"line":4,"column":2},"end":{"line":7,"column":3}},{"start":{},"end":{}}]},"1":{"loc":{"start":{"line":5,"column":17},"end":{"line":5,"column":53}},"type":"binary-expr","locations":[{"start":{"line":5,"column":18},"end":{"line":5,"column":34}},{"start":{"line":5,"column":39},"end":{"line":5,"column":53}}]},"2":{"loc":{"start":{"line":17,"column":13},"end":{"line":17,"column":63}},"type":"cond-expr","locations":[{"start":{"line":17,"column":20},"end":{"line":17,"column":58}},{"start":{"line":17,"column":61},"end":{"line":17,"column":63}}]},"3":{"loc":{"start":{"line":18,"column":10},"end":{"line":18,"column":49}},"type":"cond-expr","locations":[{"start":{"line":18,"column":17},"end":{"line":18,"column":37}},{"start":{"line":18,"column":40},"end":{"line":18,"column":49}}]},"4":{"loc":{"start":{"line":36,"column":4},"end":{"line":38,"column":5}},"type":"if","locations":[{"start":{"line":36,"column":4},"end":{"line":38,"column":5}},{"start":{},"end":{}}]},"5":{"loc":{"start":{"line":36,"column":8},"end":{"line":36,"column":67}},"type":"binary-expr","locations":[{"start":{"line":36,"column":8},"end":{"line":36,"column":45}},{"start":{"line":36,"column":49},"end":{"line":36,"column":67}}]}},"s":{"0":0,"1":0,"2":0,"3":0,"4":0,"5":0,"6":0,"7":0,"8":0,"9":0,"10":0,"11":0,"12":0,"13":0,"14":0},"f":{"0":0,"1":0,"2":0,"3":0,"4":0},"b":{"0":[0,0],"1":[0,0],"2":[0,0],"3":[0,0],"4":[0,0],"5":[0,0]}}
,"/Users/diwakarkumarbhagat/Downloads/INKOGNITO PROTO 5/client/src/lib/supabase.ts": {"path":"/Users/diwakarkumarbhagat/Downloads/INKOGNITO PROTO 5/client/src/lib/supabase.ts","statementMap":{"0":{"start":{"line":3,"column":20},"end":{"line":3,"column":53}},"1":{"start":{"line":4,"column":24},"end":{"line":4,"column":62}},"2":{"start":{"line":6,"column":0},"end":{"line":8,"column":1}},"3":{"start":{"line":7,"column":2},"end":{"line":7,"column":61}},"4":{"start":{"line":10,"column":24},"end":{"line":10,"column":66}}},"fnMap":{},"branchMap":{"0":{"loc":{"start":{"line":6,"column":0},"end":{"line":8,"column":1}},"type":"if","locations":[{"start":{"line":6,"column":0},"end":{"line":8,"column":1}},{"start":{},"end":{}}]},"1":{"loc":{"start":{"line":6,"column":4},"end":{"line":6,"column":36}},"type":"binary-expr","locations":[{"start":{"line":6,"column":4},"end":{"line":6,"column":16}},{"start":{"line":6,"column":20},"end":{"line":6,"column":36}}]}},"s":{"0":0,"1":0,"2":0,"3":0,"4":0},"f":{},"b":{"0":[0,0],"1":[0,0]}}
,"/Users/diwakarkumarbhagat/Downloads/INKOGNITO PROTO 5/client/src/lib/tts.ts": {"path":"/Users/diwakarkumarbhagat/Downloads/INKOGNITO PROTO 5/client/src/lib/tts.ts","statementMap":{"0":{"start":{"line":8,"column":10},"end":{"line":8,"column":67}},"1":{"start":{"line":9,"column":10},"end":{"line":9,"column":36}},"2":{"start":{"line":10,"column":10},"end":{"line":10,"column":52}},"3":{"start":{"line":13,"column":4},"end":{"line":13,"column":40}},"4":{"start":{"line":14,"column":4},"end":{"line":14,"column":22}},"5":{"start":{"line":17,"column":4},"end":{"line":19,"column":5}},"6":{"start":{"line":18,"column":6},"end":{"line":18,"column":59}},"7":{"start":{"line":18,"column":41},"end":{"line":18,"column":58}},"8":{"start":{"line":23,"column":4},"end":{"line":25,"column":5}},"9":{"start":{"line":24,"column":6},"end":{"line":24,"column":45}},"10":{"start":{"line":26,"column":4},"end":{"line":26,"column":31}},"11":{"start":{"line":30,"column":19},"end":{"line":30,"column":41}},"12":{"start":{"line":32,"column":4},"end":{"line":34,"column":72}},"13":{"start":{"line":33,"column":6},"end":{"line":33,"column":66}},"14":{"start":{"line":34,"column":30},"end":{"line":34,"column":57}},"15":{"start":{"line":43,"column":4},"end":{"line":43,"column":48}},"16":{"start":{"line":43,"column":41},"end":{"line":43,"column":48}},"17":{"start":{"line":46,"column":4},"end":{"line":48,"column":5}},"18":{"start":{"line":47,"column":6},"end":{"line":47,"column":18}},"19":{"start":{"line":50,"column":4},"end":{"line":50,"column":63}},"20":{"start":{"line":52,"column":4},"end":{"line":54,"column":5}},"21":{"start":{"line":53,"column":6},"end":{"line":53,"column":47}},"22":{"start":{"line":56,"column":4},"end":{"line":56,"column":54}},"23":{"start":{"line":57,"column":4},"end":{"line":57,"column":54}},"24":{"start":{"line":58,"column":4},"end":{"line":58,"column":58}},"25":{"start":{"line":60,"column":4},"end":{"line":62,"column":6}},"26":{"start":{"line":61,"column":6},"end":{"line":61,"column":35}},"27":{"start":{"line":64,"column":4},"end":{"line":67,"column":6}},"28":{"start":{"line":65,"column":6},"end":{"line":65,"column":47}},"29":{"start":{"line":66,"column":6},"end":{"line":66,"column":35}},"30":{"start":{"line":69,"column":4},"end":{"line":69,"column":44}},"31":{"start":{"line":73,"column":4},"end":{"line":76,"column":5}},"32":{"start":{"line":74,"column":6},"end":{"line":74,"column":26}},"33":{"start":{"line":75,"column":6},"end":{"line":75,"column":35}},"34":{"start":{"line":80,"column":4},"end":{"line":82,"column":5}},"35":{"start":{"line":81,"column":6},"end":{"line":81,"column":25}},"36":{"start":{"line":86,"column":4},"end":{"line":88,"column":5}},"37":{"start":{"line":87,"column":6},"end":{"line":87,"column":26}},"38":{"start":{"line":92,"column":4},"end":{"line":92,"column":29}},"39":{"start":{"line":93,"column":4},"end":{"line":95,"column":5}},"40":{"start":{"line":94,"column":6},"end":{"line":94,"column":18}},"41":{"start":{"line":99,"column":4},"end":{"line":99,"column":31}},"42":{"start":{"line":103,"column":4},"end":{"line":103,"column":29}},"43":{"start":{"line":107,"column":4},"end":{"line":107,"column":22}},"44":{"start":{"line":112,"column":17},"end":{"line":112,"column":67}},"45":{"start":{"line":113,"column":4},"end":{"line":115,"column":5}},"46":{"start":{"line":114,"column":6},"end":{"line":114,"column":23}},"47":{"start":{"line":120,"column":22},"end":{"line":120,"column":56}},"48":{"start":{"line":121,"column":4},"end":{"line":121,"column":36}},"49":{"start":{"line":121,"column":19},"end":{"line":121,"column":36}},"50":{"start":{"line":123,"column":28},"end":{"line":123,"column":68}},"51":{"start":{"line":124,"column":4},"end":{"line":127,"column":5}},"52":{"start":{"line":125,"column":26},"end":{"line":125,"column":66}},"53":{"start":{"line":126,"column":6},"end":{"line":126,"column":60}},"54":{"start":{"line":126,"column":23},"end":{"line":126,"column":60}},"55":{"start":{"line":130,"column":4},"end":{"line":130,"column":45}},"56":{"start":{"line":135,"column":4},"end":{"line":135,"column":68}},"57":{"start":{"line":140,"column":4},"end":{"line":140,"column":65}},"58":{"start":{"line":145,"column":4},"end":{"line":145,"column":58}},"59":{"start":{"line":150,"column":19},"end":{"line":150,"column":43}},"60":{"start":{"line":153,"column":22},"end":{"line":179,"column":1}},"61":{"start":{"line":158,"column":2},"end":{"line":178,"column":4}},"62":{"start":{"line":160,"column":6},"end":{"line":160,"column":31}},"63":{"start":{"line":162,"column":16},"end":{"line":162,"column":26}},"64":{"start":{"line":163,"column":17},"end":{"line":163,"column":28}},"65":{"start":{"line":164,"column":18},"end":{"line":164,"column":30}},"66":{"start":{"line":165,"column":38},"end":{"line":165,"column":61}},"67":{"start":{"line":166,"column":22},"end":{"line":166,"column":38}},"68":{"start":{"line":167,"column":20},"end":{"line":167,"column":34}},"69":{"start":{"line":168,"column":65},"end":{"line":168,"column":102}},"70":{"start":{"line":169,"column":42},"end":{"line":169,"column":70}},"71":{"start":{"line":170,"column":39},"end":{"line":170,"column":64}},"72":{"start":{"line":171,"column":43},"end":{"line":171,"column":72}},"73":{"start":{"line":174,"column":20},"end":{"line":174,"column":42}},"74":{"start":{"line":175,"column":6},"end":{"line":175,"column":31}},"75":{"start":{"line":177,"column":23},"end":{"line":177,"column":50}}},"fnMap":{"0":{"name":"(anonymous_0)","decl":{"start":{"line":12,"column":2},"end":{"line":12,"column":null}},"loc":{"start":{"line":12,"column":2},"end":{"line":20,"column":3}}},"1":{"name":"(anonymous_1)","decl":{"start":{"line":18,"column":35},"end":{"line":18,"column":38}},"loc":{"start":{"line":18,"column":41},"end":{"line":18,"column":58}}},"2":{"name":"(anonymous_2)","decl":{"start":{"line":22,"column":9},"end":{"line":22,"column":15}},"loc":{"start":{"line":22,"column":27},"end":{"line":27,"column":3}}},"3":{"name":"(anonymous_3)","decl":{"start":{"line":29,"column":10},"end":{"line":29,"column":20}},"loc":{"start":{"line":29,"column":20},"end":{"line":35,"column":3}}},"4":{"name":"(anonymous_4)","decl":{"start":{"line":32,"column":29},"end":{"line":32,"column":34}},"loc":{"start":{"line":33,"column":6},"end":{"line":33,"column":66}}},"5":{"name":"(anonymous_5)","decl":{"start":{"line":34,"column":21},"end":{"line":34,"column":26}},"loc":{"start":{"line":34,"column":30},"end":{"line":34,"column":57}}},"6":{"name":"(anonymous_6)","decl":{"start":{"line":37,"column":9},"end":{"line":37,"column":14}},"loc":{"start":{"line":42,"column":3},"end":{"line":70,"column":3}}},"7":{"name":"(anonymous_7)","decl":{"start":{"line":60,"column":34},"end":{"line":60,"column":37}},"loc":{"start":{"line":60,"column":39},"end":{"line":62,"column":5}}},"8":{"name":"(anonymous_8)","decl":{"start":{"line":64,"column":36},"end":{"line":64,"column":37}},"loc":{"start":{"line":64,"column":46},"end":{"line":67,"column":5}}},"9":{"name":"(anonymous_9)","decl":{"start":{"line":72,"column":9},"end":{"line":72,"column":13}},"loc":{"start":{"line":72,"column":13},"end":{"line":77,"column":3}}},"10":{"name":"(anonymous_10)","decl":{"start":{"line":79,"column":9},"end":{"line":79,"column":14}},"loc":{"start":{"line":79,"column":14},"end":{"line":83,"column":3}}},"11":{"name":"(anonymous_11)","decl":{"start":{"line":85,"column":9},"end":{"line":85,"column":15}},"loc":{"start":{"line":85,"column":15},"end":{"line":89,"column":3}}},"12":{"name":"(anonymous_12)","decl":{"start":{"line":91,"column":9},"end":{"line":91,"column":19}},"loc":{"start":{"line":91,"column":36},"end":{"line":96,"column":3}}},"13":{"name":"(anonymous_13)","decl":{"start":{"line":98,"column":9},"end":{"line":98,"column":19}},"loc":{"start":{"line":98,"column":19},"end":{"line":100,"column":3}}},"14":{"name":"(anonymous_14)","decl":{"start":{"line":102,"column":9},"end":{"line":102,"column":17}},"loc":{"start":{"line":102,"column":17},"end":{"line":104,"column":3}}},"15":{"name":"(anonymous_15)","decl":{"start":{"line":106,"column":9},"end":{"line":106,"column":17}},"loc":{"start":{"line":106,"column":17},"end":{"line":108,"column":3}}},"16":{"name":"(anonymous_16)","decl":{"start":{"line":111,"column":9},"end":{"line":111,"column":21}},"loc":{"start":{"line":111,"column":63},"end":{"line":116,"column":3}}},"17":{"name":"(anonymous_17)","decl":{"start":{"line":118,"column":10},"end":{"line":118,"column":32}},"loc":{"start":{"line":118,"column":53},"end":{"line":131,"column":3}}},"18":{"name":"(anonymous_18)","decl":{"start":{"line":134,"column":9},"end":{"line":134,"column":19}},"loc":{"start":{"line":134,"column":40},"end":{"line":136,"column":3}}},"19":{"name":"(anonymous_19)","decl":{"start":{"line":139,"column":9},"end":{"line":139,"column":21}},"loc":{"start":{"line":139,"column":37},"end":{"line":141,"column":3}}},"20":{"name":"(anonymous_20)","decl":{"start":{"line":144,"column":9},"end":{"line":144,"column":24}},"loc":{"start":{"line":144,"column":41},"end":{"line":146,"column":3}}},"21":{"name":"(anonymous_21)","decl":{"start":{"line":153,"column":22},"end":{"line":153,"column":25}},"loc":{"start":{"line":153,"column":27},"end":{"line":179,"column":1}}},"22":{"name":"(anonymous_22)","decl":{"start":{"line":159,"column":11},"end":{"line":159,"column":12}},"loc":{"start":{"line":159,"column":71},"end":{"line":161,"column":5}}},"23":{"name":"(anonymous_23)","decl":{"start":{"line":162,"column":10},"end":{"line":162,"column":13}},"loc":{"start":{"line":162,"column":16},"end":{"line":162,"column":26}}},"24":{"name":"(anonymous_24)","decl":{"start":{"line":163,"column":11},"end":{"line":163,"column":14}},"loc":{"start":{"line":163,"column":17},"end":{"line":163,"column":28}}},"25":{"name":"(anonymous_25)","decl":{"start":{"line":164,"column":12},"end":{"line":164,"column":15}},"loc":{"start":{"line":164,"column":18},"end":{"line":164,"column":30}}},"26":{"name":"(anonymous_26)","decl":{"start":{"line":165,"column":16},"end":{"line":165,"column":17}},"loc":{"start":{"line":165,"column":38},"end":{"line":165,"column":61}}},"27":{"name":"(anonymous_27)","decl":{"start":{"line":166,"column":16},"end":{"line":166,"column":19}},"loc":{"start":{"line":166,"column":22},"end":{"line":166,"column":38}}},"28":{"name":"(anonymous_28)","decl":{"start":{"line":167,"column":14},"end":{"line":167,"column":17}},"loc":{"start":{"line":167,"column":20},"end":{"line":167,"column":34}}},"29":{"name":"(anonymous_29)","decl":{"start":{"line":168,"column":18},"end":{"line":168,"column":19}},"loc":{"start":{"line":168,"column":65},"end":{"line":168,"column":102}}},"30":{"name":"(anonymous_30)","decl":{"start":{"line":169,"column":16},"end":{"line":169,"column":17}},"loc":{"start":{"line":169,"column":42},"end":{"line":169,"column":70}}},"31":{"name":"(anonymous_31)","decl":{"start":{"line":170,"column":18},"end":{"line":170,"column":19}},"loc":{"start":{"line":170,"column":39},"end":{"line":170,"column":64}}},"32":{"name":"(anonymous_32)","decl":{"start":{"line":171,"column":21},"end":{"line":171,"column":22}},"loc":{"start":{"line":171,"column":43},"end":{"line":171,"column":72}}},"33":{"name":"(anonymous_33)","decl":{"start":{"line":172,"column":15},"end":{"line":172,"column":18}},"loc":{"start":{"line":172,"column":20},"end":{"line":176,"column":5}}},"34":{"name":"(anonymous_34)","decl":{"start":{"line":177,"column":17},"end":{"line":177,"column":20}},"loc":{"start":{"line":177,"column":23},"end":{"line":177,"column":50}}}},"branchMap":{"0":{"loc":{"start":{"line":17,"column":4},"end":{"line":19,"column":5}},"type":"if","locations":[{"start":{"line":17,"column":4},"end":{"line":19,"column":5}},{"start":{},"end":{}}]},"1":{"loc":{"start":{"line":23,"column":4},"end":{"line":25,"column":5}},"type":"if","locations":[{"start":{"line":23,"column":4},"end":{"line":25,"column":5}},{"start":{},"end":{}}]},"2":{"loc":{"start":{"line":32,"column":17},"end":{"line":34,"column":71}},"type":"binary-expr","locations":[{"start":{"line":32,"column":17},"end":{"line":33,"column":null}},{"start":{"line":34,"column":9},"end":{"line":34,"column":58}},{"start":{"line":34,"column":62},"end":{"line":34,"column":71}}]},"3":{"loc":{"start":{"line":33,"column":6},"end":{"line":33,"column":66}},"type":"binary-expr","locations":[{"start":{"line":33,"column":6},"end":{"line":33,"column":33}},{"start":{"line":33,"column":37},"end":{"line":33,"column":66}}]},"4":{"loc":{"start":{"line":43,"column":4},"end":{"line":43,"column":48}},"type":"if","locations":[{"start":{"line":43,"column":4},"end":{"line":43,"column":48}},{"start":{},"end":{}}]},"5":{"loc":{"start":{"line":43,"column":8},"end":{"line":43,"column":39}},"type":"binary-expr","locations":[{"start":{"line":43,"column":8},"end":{"line":43,"column":23}},{"start":{"line":43,"column":27},"end":{"line":43,"column":39}}]},"6":{"loc":{"start":{"line":46,"column":4},"end":{"line":48,"column":5}},"type":"if","locations":[{"start":{"line":46,"column":4},"end":{"line":48,"column":5}},{"start":{},"end":{}}]},"7":{"loc":{"start":{"line":46,"column":8},"end":{"line":46,"column":26}},"type":"cond-expr","locations":[{"start":{"line":46,"column":15},"end":{"line":46,"column":17}},{"start":{"line":46,"column":8},"end":{"line":46,"column":26}}]},"8":{"loc":{"start":{"line":46,"column":8},"end":{"line":46,"column":17}},"type":"binary-expr","locations":[{"start":{"line":46,"column":8},"end":{"line":46,"column":17}},{"start":{"line":46,"column":8},"end":{"line":46,"column":17}}]},"9":{"loc":{"start":{"line":52,"column":4},"end":{"line":54,"column":5}},"type":"if","locations":[{"start":{"line":52,"column":4},"end":{"line":54,"column":5}},{"start":{},"end":{}}]},"10":{"loc":{"start":{"line":56,"column":33},"end":{"line":56,"column":53}},"type":"binary-expr","locations":[{"start":{"line":56,"column":33},"end":{"line":56,"column":46}},{"start":{"line":56,"column":50},"end":{"line":56,"column":53}}]},"11":{"loc":{"start":{"line":56,"column":33},"end":{"line":56,"column":46}},"type":"cond-expr","locations":[{"start":{"line":56,"column":40},"end":{"line":56,"column":42}},{"start":{"line":56,"column":33},"end":{"line":56,"column":46}}]},"12":{"loc":{"start":{"line":56,"column":33},"end":{"line":56,"column":42}},"type":"binary-expr","locations":[{"start":{"line":56,"column":33},"end":{"line":56,"column":42}},{"start":{"line":56,"column":33},"end":{"line":56,"column":42}}]},"13":{"loc":{"start":{"line":57,"column":34},"end":{"line":57,"column":53}},"type":"binary-expr","locations":[{"start":{"line":57,"column":34},"end":{"line":57,"column":48}},{"start":{"line":57,"column":52},"end":{"line":57,"column":53}}]},"14":{"loc":{"start":{"line":57,"column":34},"end":{"line":57,"column":48}},"type":"cond-expr","locations":[{"start":{"line":57,"column":41},"end":{"line":57,"column":43}},{"start":{"line":57,"column":34},"end":{"line":57,"column":48}}]},"15":{"loc":{"start":{"line":57,"column":34},"end":{"line":57,"column":43}},"type":"binary-expr","locations":[{"start":{"line":57,"column":34},"end":{"line":57,"column":43}},{"start":{"line":57,"column":34},"end":{"line":57,"column":43}}]},"16":{"loc":{"start":{"line":58,"column":35},"end":{"line":58,"column":57}},"type":"binary-expr","locations":[{"start":{"line":58,"column":35},"end":{"line":58,"column":50}},{"start":{"line":58,"column":54},"end":{"line":58,"column":57}}]},"17":{"loc":{"start":{"line":58,"column":35},"end":{"line":58,"column":50}},"type":"cond-expr","locations":[{"start":{"line":58,"column":42},"end":{"line":58,"column":44}},{"start":{"line":58,"column":35},"end":{"line":58,"column":50}}]},"18":{"loc":{"start":{"line":58,"column":35},"end":{"line":58,"column":44}},"type":"binary-expr","locations":[{"start":{"line":58,"column":35},"end":{"line":58,"column":44}},{"start":{"line":58,"column":35},"end":{"line":58,"column":44}}]},"19":{"loc":{"start":{"line":73,"column":4},"end":{"line":76,"column":5}},"type":"if","locations":[{"start":{"line":73,"column":4},"end":{"line":76,"column":5}},{"start":{},"end":{}}]},"20":{"loc":{"start":{"line":80,"column":4},"end":{"line":82,"column":5}},"type":"if","locations":[{"start":{"line":80,"column":4},"end":{"line":82,"column":5}},{"start":{},"end":{}}]},"21":{"loc":{"start":{"line":86,"column":4},"end":{"line":88,"column":5}},"type":"if","locations":[{"start":{"line":86,"column":4},"end":{"line":88,"column":5}},{"start":{},"end":{}}]},"22":{"loc":{"start":{"line":93,"column":4},"end":{"line":95,"column":5}},"type":"if","locations":[{"start":{"line":93,"column":4},"end":{"line":95,"column":5}},{"start":{},"end":{}}]},"23":{"loc":{"start":{"line":112,"column":17},"end":{"line":112,"column":67}},"type":"binary-expr","locations":[{"start":{"line":112,"column":17},"end":{"line":112,"column":27}},{"start":{"line":112,"column":31},"end":{"line":112,"column":67}}]},"24":{"loc":{"start":{"line":113,"column":4},"end":{"line":115,"column":5}},"type":"if","locations":[{"start":{"line":113,"column":4},"end":{"line":115,"column":5}},{"start":{},"end":{}}]},"25":{"loc":{"start":{"line":121,"column":4},"end":{"line":121,"column":36}},"type":"if","locations":[{"start":{"line":121,"column":4},"end":{"line":121,"column":36}},{"start":{},"end":{}}]},"26":{"loc":{"start":{"line":124,"column":4},"end":{"line":127,"column":5}},"type":"if","locations":[{"start":{"line":124,"column":4},"end":{"line":127,"column":5}},{"start":{},"end":{}}]},"27":{"loc":{"start":{"line":126,"column":6},"end":{"line":126,"column":60}},"type":"if","locations":[{"start":{"line":126,"column":6},"end":{"line":126,"column":60}},{"start":{},"end":{}}]},"28":{"loc":{"start":{"line":126,"column":30},"end":{"line":126,"column":59}},"type":"binary-expr","locations":[{"start":{"line":126,"column":30},"end":{"line":126,"column":53}},{"start":{"line":126,"column":57},"end":{"line":126,"column":59}}]},"29":{"loc":{"start":{"line":130,"column":11},"end":{"line":130,"column":44}},"type":"binary-expr","locations":[{"start":{"line":130,"column":11},"end":{"line":130,"column":38}},{"start":{"line":130,"column":42},"end":{"line":130,"column":44}}]},"30":{"loc":{"start":{"line":130,"column":11},"end":{"line":130,"column":38}},"type":"cond-expr","locations":[{"start":{"line":130,"column":30},"end":{"line":130,"column":32}},{"start":{"line":130,"column":30},"end":{"line":130,"column":38}}]},"31":{"loc":{"start":{"line":130,"column":11},"end":{"line":130,"column":32}},"type":"binary-expr","locations":[{"start":{"line":130,"column":11},"end":{"line":130,"column":32}},{"start":{"line":130,"column":30},"end":{"line":130,"column":32}}]}},"s":{"0":0,"1":0,"2":0,"3":0,"4":0,"5":0,"6":0,"7":0,"8":0,"9":0,"10":0,"11":0,"12":0,"13":0,"14":0,"15":0,"16":0,"17":0,"18":0,"19":0,"20":0,"21":0,"22":0,"23":0,"24":0,"25":0,"26":0,"27":0,"28":0,"29":0,"30":0,"31":0,"32":0,"33":0,"34":0,"35":0,"36":0,"37":0,"38":0,"39":0,"40":0,"41":0,"42":0,"43":0,"44":0,"45":0,"46":0,"47":0,"48":0,"49":0,"50":0,"51":0,"52":0,"53":0,"54":0,"55":0,"56":0,"57":0,"58":0,"59":0,"60":0,"61":0,"62":0,"63":0,"64":0,"65":0,"66":0,"67":0,"68":0,"69":0,"70":0,"71":0,"72":0,"73":0,"74":0,"75":0},"f":{"0":0,"1":0,"2":0,"3":0,"4":0,"5":0,"6":0,"7":0,"8":0,"9":0,"10":0,"11":0,"12":0,"13":0,"14":0,"15":0,"16":0,"17":0,"18":0,"19":0,"20":0,"21":0,"22":0,"23":0,"24":0,"25":0,"26":0,"27":0,"28":0,"29":0,"30":0,"31":0,"32":0,"33":0,"34":0},"b":{"0":[0,0],"1":[0,0],"2":[0,0,0],"3":[0,0],"4":[0,0],"5":[0,0],"6":[0,0],"7":[0,0],"8":[0,0],"9":[0,0],"10":[0,0],"11":[0,0],"12":[0,0],"13":[0,0],"14":[0,0],"15":[0,0],"16":[0,0],"17":[0,0],"18":[0,0],"19":[0,0],"20":[0,0],"21":[0,0],"22":[0,0],"23":[0,0],"24":[0,0],"25":[0,0],"26":[0,0],"27":[0,0],"28":[0,0],"29":[0,0],"30":[0,0],"31":[0,0]}}
,"/Users/diwakarkumarbhagat/Downloads/INKOGNITO PROTO 5/client/src/lib/utils.ts": {"path":"/Users/diwakarkumarbhagat/Downloads/INKOGNITO PROTO 5/client/src/lib/utils.ts","statementMap":{"0":{"start":{"line":5,"column":2},"end":{"line":5,"column":null}}},"fnMap":{"0":{"name":"cn","decl":{"start":{"line":4,"column":16},"end":{"line":4,"column":18}},"loc":{"start":{"line":4,"column":42},"end":{"line":6,"column":1}}}},"branchMap":{},"s":{"0":0},"f":{"0":0},"b":{}}
}
